#
# A fatal error has been detected by the Java Runtime Environment:
#
#  EXCEPTION_ACCESS_VIOLATION (0xc0000005) at pc=0x00007ff8801be0a9, pid=20748, tid=880
#
# JRE version: OpenJDK Runtime Environment Microsoft-8035246 (17.0.8+7) (build 17.0.8+7-LTS)
# Java VM: OpenJDK 64-Bit Server VM Microsoft-8035246 (17.0.8+7-LTS, mixed mode, sharing, tiered, compressed oops, compressed class ptrs, g1 gc, windows-amd64)
# Problematic frame:
# V  [jvm.dll+0x2be0a9]
#
# No core dump will be written. Minidumps are not enabled by default on client versions of Windows
#
# If you would like to submit a bug report, please visit:
#   https://github.com/microsoft/openjdk/issues
#

---------------  S U M M A R Y ------------

Command Line: -XX:MaxMetaspaceSize=512m --add-opens=java.base/java.util=ALL-UNNAMED --add-opens=java.base/java.lang=ALL-UNNAMED --add-opens=java.base/java.lang.invoke=ALL-UNNAMED --add-opens=java.prefs/java.util.prefs=ALL-UNNAMED --add-opens=java.base/java.nio.charset=ALL-UNNAMED --add-opens=java.base/java.net=ALL-UNNAMED --add-opens=java.base/java.util.concurrent.atomic=ALL-UNNAMED -Xmx2048m -Dfile.encoding=UTF-8 -Duser.country=KR -Duser.language=ko -Duser.variant -javaagent:C:\Users\bryan\.gradle\wrapper\dists\gradle-8.8-all\6gdy1pgp427xkqcjbxw3ylt6h\gradle-8.8\lib\agents\gradle-instrumentation-agent-8.8.jar org.gradle.launcher.daemon.bootstrap.GradleDaemon 8.8

Host: Intel(R) Core(TM) i7-1065G7 CPU @ 1.30GHz, 8 cores, 15G,  Windows 11 , 64 bit Build 22621 (10.0.22621.3958)
Time: Tue Sep  3 15:34:14 2024  Windows 11 , 64 bit Build 22621 (10.0.22621.3958) elapsed time: 47.985252 seconds (0d 0h 0m 47s)

---------------  T H R E A D  ---------------

Current thread (0x0000022e3b73e800):  JavaThread "C2 CompilerThread0" daemon [_thread_in_native, id=880, stack(0x000000ae23300000,0x000000ae23400000)]


Current CompileTask:
C2:  47985 13291   !   4       org.gradle.cache.internal.DefaultMultiProcessSafeIndexedCache::getIfPresent (25 bytes)

Stack: [0x000000ae23300000,0x000000ae23400000],  sp=0x000000ae233fb7b0,  free space=1005k
Native frames: (J=compiled Java code, j=interpreted, Vv=VM code, C=native code)
V  [jvm.dll+0x2be0a9]
V  [jvm.dll+0x21ba8b]
V  [jvm.dll+0x21944b]
V  [jvm.dll+0x1a56b6]
V  [jvm.dll+0x2291ea]
V  [jvm.dll+0x22724c]
V  [jvm.dll+0x7efd0c]
V  [jvm.dll+0x7ea13a]
V  [jvm.dll+0x67ad85]
C  [ucrtbase.dll+0x29333]
C  [KERNEL32.DLL+0x1257d]
C  [ntdll.dll+0x5af28]


siginfo: EXCEPTION_ACCESS_VIOLATION (0xc0000005), reading address 0x0000000000000028


Register to memory mapping:

RIP=0x00007ff8801be0a9 jvm.dll
RAX=0x0000022e61496930 points into unknown readable memory: 0x0000000000000000 | 00 00 00 00 00 00 00 00
RBX=0x00000000000017a9 is an unknown value
RCX=0x0 is NULL
RDX=0x0 is NULL
RSP=0x000000ae233fb7b0 is pointing into the stack for thread: 0x0000022e3b73e800
RBP=0x000000ae233fb820 is pointing into the stack for thread: 0x0000022e3b73e800
RSI=0x0 is NULL
RDI=0x0000000000000048 is an unknown value
R8 =0x000000000000ffe0 is an unknown value
R9 =0x0 is NULL
R10=0x00007ff8aa7d0000 VCRUNTIME140.dll
R11=0x0000022e61496950 points into unknown readable memory: 0x0000000000000000 | 00 00 00 00 00 00 00 00
R12=0x0000000000000050 is an unknown value
R13=0x0 is NULL
R14=0x0 is NULL
R15=0x000000ae233fe9d0 is pointing into the stack for thread: 0x0000022e3b73e800


Registers:
RAX=0x0000022e61496930, RBX=0x00000000000017a9, RCX=0x0000000000000000, RDX=0x0000000000000000
RSP=0x000000ae233fb7b0, RBP=0x000000ae233fb820, RSI=0x0000000000000000, RDI=0x0000000000000048
R8 =0x000000000000ffe0, R9 =0x0000000000000000, R10=0x00007ff8aa7d0000, R11=0x0000022e61496950
R12=0x0000000000000050, R13=0x0000000000000000, R14=0x0000000000000000, R15=0x000000ae233fe9d0
RIP=0x00007ff8801be0a9, EFLAGS=0x0000000000010202

Top of Stack: (sp=0x000000ae233fb7b0)
0x000000ae233fb7b0:   00000000000017a9 0000000000000000
0x000000ae233fb7c0:   000000ae233fe9d0 00007ff8801238d1
0x000000ae233fb7d0:   0000022e3b739350 00007ff800002000
0x000000ae233fb7e0:   0000022e61496930 0000022e00000000
0x000000ae233fb7f0:   0000000000000002 0000022e61077930
0x000000ae233fb800:   0000000000000002 0000022e3b739350
0x000000ae233fb810:   0000000000000000 0000000000000000
0x000000ae233fb820:   0000022e3b72ddb0 0000022e1b319470
0x000000ae233fb830:   0000000000000048 00007ff880844c08
0x000000ae233fb840:   000000ae233fb950 00007ff88011ba8b
0x000000ae233fb850:   000000ae233fe9d0 00007ff880844c08
0x000000ae233fb860:   000000ae233fe9d0 000000ae233fb950
0x000000ae233fb870:   0000022e00000000 00007ff88051b7fb
0x000000ae233fb880:   000000ae0000000f 000000ae233fe9d0
0x000000ae233fb890:   000000ae233fba00 0000000000000000
0x000000ae233fb8a0:   0000022e00000100 00007ff880844c08 

Instructions: (pc=0x00007ff8801be0a9)
0x00007ff8801bdfa9:   3b d0 75 0b ff c1 41 3b c9 7c dc 48 8b c2 c3 33
0x00007ff8801bdfb9:   c0 c3 cc cc cc cc cc 48 89 5c 24 18 55 56 57 41
0x00007ff8801bdfc9:   55 41 57 48 8b ec 48 83 ec 70 65 48 8b 04 25 58
0x00007ff8801bdfd9:   00 00 00 48 8b f2 44 8b 05 d2 8b 90 00 4c 8b f9
0x00007ff8801bdfe9:   4a 8b 1c c0 b8 50 00 00 00 80 3c 18 00 75 05 e8
0x00007ff8801bdff9:   8b 6f 5d 00 b8 20 00 00 00 48 8b 04 18 48 8b 98
0x00007ff8801be009:   38 02 00 00 48 89 5d b0 c7 45 b8 04 00 00 00 48
0x00007ff8801be019:   8b 43 18 48 83 f8 df 76 18 4c 8d 05 37 a9 65 00
0x00007ff8801be029:   ba 20 00 00 00 48 8b cb e8 5a eb de ff 48 8b 43
0x00007ff8801be039:   18 48 8d 48 20 48 3b 4b 20 76 11 45 33 c0 48 8b
0x00007ff8801be049:   cb 41 8d 50 20 e8 fd e8 de ff eb 04 48 89 4b 18
0x00007ff8801be059:   44 8b 45 b8 33 d2 49 c1 e0 03 48 8b c8 48 89 45
0x00007ff8801be069:   c0 e8 e3 80 5d 00 45 33 ed 48 8d 4d d0 44 89 6d
0x00007ff8801be079:   c8 e8 01 59 56 00 41 8b 9f 40 02 00 00 41 2b 9f
0x00007ff8801be089:   68 02 00 00 44 89 6d f0 3b 5d b8 72 0b 8b d3 48
0x00007ff8801be099:   8d 4d b0 e8 6f b3 39 00 48 8b 45 c0 4c 89 2c d8
0x00007ff8801be0a9:   8b 7e 28 8b df c1 eb 05 3b 5d d0 72 0b 8b d3 48
0x00007ff8801be0b9:   8d 4d d0 e8 1f 59 56 00 48 8b 45 d8 83 e7 1f 48
0x00007ff8801be0c9:   8d 14 98 40 0f b6 cf 41 b8 01 00 00 00 41 d3 e0
0x00007ff8801be0d9:   8b 0a 8b c1 41 0b c0 89 02 41 85 c8 75 21 8b 5d
0x00007ff8801be0e9:   c8 8d 43 01 89 45 c8 3b 5d b8 72 0b 8b d3 48 8d
0x00007ff8801be0f9:   4d b0 e8 10 b3 39 00 48 8b 45 c0 48 89 34 d8 44
0x00007ff8801be109:   39 6d c8 0f 86 77 01 00 00 4c 89 a4 24 a0 00 00
0x00007ff8801be119:   00 4c 89 b4 24 a8 00 00 00 48 8b 45 c0 41 8b cd
0x00007ff8801be129:   48 8b 34 c8 8b 46 2c 25 ff 1f 00 00 3d 04 10 00
0x00007ff8801be139:   00 0f 85 a7 00 00 00 bb 01 00 00 00 39 5e 18 76
0x00007ff8801be149:   39 66 0f 1f 44 00 00 48 8b 46 08 8b cb 48 8b 14
0x00007ff8801be159:   c8 48 85 d2 74 1d 48 83 7a 10 00 74 16 80 7a 2c
0x00007ff8801be169:   84 74 10 e8 7f 7e ee ff 48 8b d0 49 8b cf e8 a4
0x00007ff8801be179:   61 f6 ff ff c3 3b 5e 18 72 cd 48 8b 5e 10 8b 46
0x00007ff8801be189:   20 4c 8d 34 c3 49 3b de 73 54 48 8b 3b 8b 47 2c
0x00007ff8801be199:   83 e0 03 3c 03 75 2e 48 8b 07 48 8b cf ff 90 88 


Stack slot to memory mapping:
stack at sp + 0 slots: 0x00000000000017a9 is an unknown value
stack at sp + 1 slots: 0x0 is NULL
stack at sp + 2 slots: 0x000000ae233fe9d0 is pointing into the stack for thread: 0x0000022e3b73e800
stack at sp + 3 slots: 0x00007ff8801238d1 jvm.dll
stack at sp + 4 slots: 0x0000022e3b739350 points into unknown readable memory: 0x0000000000000006 | 06 00 00 00 00 00 00 00
stack at sp + 5 slots: 0x00007ff800002000 is an unknown value
stack at sp + 6 slots: 0x0000022e61496930 points into unknown readable memory: 0x0000000000000000 | 00 00 00 00 00 00 00 00
stack at sp + 7 slots: 0x0000022e00000000 is an unknown value


---------------  P R O C E S S  ---------------

Threads class SMR info:
_java_thread_list=0x0000022e66d23790, length=146, elements={
0x0000022e1b3021a0, 0x0000022e3b783650, 0x0000022e3b72b380, 0x0000022e3b73bb20,
0x0000022e3b73c6e0, 0x0000022e3b73d0a0, 0x0000022e3b73da60, 0x0000022e3b73e800,
0x0000022e3b795cf0, 0x0000022e3b7b05e0, 0x0000022e3b88b9f0, 0x0000022e3b985b60,
0x0000022e5c631c00, 0x0000022e5c631700, 0x0000022e5c6b4ca0, 0x0000022e5ca68660,
0x0000022e5cab4130, 0x0000022e5ca5e090, 0x0000022e5ca5c740, 0x0000022e5ca5cc50,
0x0000022e5ca5e5a0, 0x0000022e5ca5c230, 0x0000022e5ca5d160, 0x0000022e5ca5d670,
0x0000022e5ca5db80, 0x0000022e5ca5efc0, 0x0000022e5ca5eab0, 0x0000022e5ca5f4d0,
0x0000022e5d68b3d0, 0x0000022e5d68a9b0, 0x0000022e5d689570, 0x0000022e5d68fab0,
0x0000022e5d689f90, 0x0000022e5d68f5a0, 0x0000022e5d68bdf0, 0x0000022e5d68ffc0,
0x0000022e5d68c300, 0x0000022e5d6904d0, 0x0000022e5d68eb80, 0x0000022e5d689060,
0x0000022e5d68b8e0, 0x0000022e5d68d740, 0x0000022e5d6909e0, 0x0000022e5d68d230,
0x0000022e5d68e670, 0x0000022e5d689a80, 0x0000022e5d68c810, 0x0000022e5d68dc50,
0x0000022e5d68e160, 0x0000022e5d68f090, 0x0000022e5db718b0, 0x0000022e5db75060,
0x0000022e5db73200, 0x0000022e5db6fa50, 0x0000022e5db6ff60, 0x0000022e5db72cf0,
0x0000022e5db75a80, 0x0000022e5db70980, 0x0000022e5db722d0, 0x0000022e5db727e0,
0x0000022e5db70e90, 0x0000022e5db73710, 0x0000022e5db73c20, 0x0000022e5db74640,
0x0000022e5db74b50, 0x0000022e5db75570, 0x0000022e5db75f90, 0x0000022e5db764a0,
0x0000022e5db769b0, 0x0000022e5db76ec0, 0x0000022e5db773d0, 0x0000022e5db70470,
0x0000022e5e61d120, 0x0000022e5e61ef80, 0x0000022e5e620de0, 0x0000022e5e619e80,
0x0000022e5e61feb0, 0x0000022e5e61c700, 0x0000022e5e61f490, 0x0000022e5e61a390,
0x0000022e5e6203c0, 0x0000022e5e61ea70, 0x0000022e5e619970, 0x0000022e5e61a8a0,
0x0000022e5e61e050, 0x0000022e5e61bce0, 0x0000022e5e61e560, 0x0000022e5e6208d0,
0x0000022e5e61cc10, 0x0000022e5e61db40, 0x0000022e5e61adb0, 0x0000022e5e6212f0,
0x0000022e5e61d630, 0x0000022e5e61b2c0, 0x0000022e5e61b7d0, 0x0000022e5e61c1f0,
0x0000022e5cfff2d0, 0x0000022e5cffca50, 0x0000022e5cffc540, 0x0000022e5cffedc0,
0x0000022e5cffabf0, 0x0000022e5cffb100, 0x0000022e5d000710, 0x0000022e5d002570,
0x0000022e5cffbb20, 0x0000022e5cffcf60, 0x0000022e5cffd470, 0x0000022e5d000c20,
0x0000022e5d001640, 0x0000022e5cfff7e0, 0x0000022e5d001b50, 0x0000022e5cffe3a0,
0x0000022e5d001130, 0x0000022e5cffb610, 0x0000022e5cffc030, 0x0000022e5cffd980,
0x0000022e5cffde90, 0x0000022e5d002060, 0x0000022e5cfffcf0, 0x0000022e5cffe8b0,
0x0000022e5d000200, 0x0000022e5b2f3330, 0x0000022e5b2f56a0, 0x0000022e5b2f4260,
0x0000022e5b2f3840, 0x0000022e5b2f2400, 0x0000022e5b2f2e20, 0x0000022e5b2f2910,
0x0000022e5b2f3d50, 0x0000022e5b2f4770, 0x0000022e5c137800, 0x0000022e5b2f4c80,
0x0000022e5b2f5190, 0x0000022e5b2f1ef0, 0x0000022e5b15de00, 0x0000022e5b15e310,
0x0000022e5b161fd0, 0x0000022e5b1629f0, 0x0000022e5b162f00, 0x0000022e5b163410,
0x0000022e5b15c4b0, 0x0000022e5b1624e0, 0x0000022e5b163e30, 0x0000022e5b15c9c0,
0x0000022e5b15ced0, 0x0000022e60d51a90
}

Java Threads: ( => current thread )
  0x0000022e1b3021a0 JavaThread "main" [_thread_blocked, id=19568, stack(0x000000ae22600000,0x000000ae22700000)]
  0x0000022e3b783650 JavaThread "Reference Handler" daemon [_thread_blocked, id=8912, stack(0x000000ae22d00000,0x000000ae22e00000)]
  0x0000022e3b72b380 JavaThread "Finalizer" daemon [_thread_blocked, id=12688, stack(0x000000ae22e00000,0x000000ae22f00000)]
  0x0000022e3b73bb20 JavaThread "Signal Dispatcher" daemon [_thread_blocked, id=19732, stack(0x000000ae22f00000,0x000000ae23000000)]
  0x0000022e3b73c6e0 JavaThread "Attach Listener" daemon [_thread_blocked, id=24304, stack(0x000000ae23000000,0x000000ae23100000)]
  0x0000022e3b73d0a0 JavaThread "Service Thread" daemon [_thread_blocked, id=6556, stack(0x000000ae23100000,0x000000ae23200000)]
  0x0000022e3b73da60 JavaThread "Monitor Deflation Thread" daemon [_thread_blocked, id=22732, stack(0x000000ae23200000,0x000000ae23300000)]
=>0x0000022e3b73e800 JavaThread "C2 CompilerThread0" daemon [_thread_in_native, id=880, stack(0x000000ae23300000,0x000000ae23400000)]
  0x0000022e3b795cf0 JavaThread "C1 CompilerThread0" daemon [_thread_blocked, id=5196, stack(0x000000ae23400000,0x000000ae23500000)]
  0x0000022e3b7b05e0 JavaThread "Sweeper thread" daemon [_thread_blocked, id=3156, stack(0x000000ae23500000,0x000000ae23600000)]
  0x0000022e3b88b9f0 JavaThread "Common-Cleaner" daemon [_thread_blocked, id=22584, stack(0x000000ae23600000,0x000000ae23700000)]
  0x0000022e3b985b60 JavaThread "Notification Thread" daemon [_thread_blocked, id=7992, stack(0x000000ae23700000,0x000000ae23800000)]
  0x0000022e5c631c00 JavaThread "Daemon health stats" [_thread_blocked, id=2892, stack(0x000000ae23a00000,0x000000ae23b00000)]
  0x0000022e5c631700 JavaThread "Incoming local TCP Connector on port 64102" [_thread_in_native, id=24112, stack(0x000000ae23900000,0x000000ae23a00000)]
  0x0000022e5c6b4ca0 JavaThread "Daemon periodic checks" [_thread_blocked, id=22096, stack(0x000000ae24000000,0x000000ae24100000)]
  0x0000022e5ca68660 JavaThread "Daemon" [_thread_blocked, id=11228, stack(0x000000ae24200000,0x000000ae24300000)]
  0x0000022e5cab4130 JavaThread "Handler for socket connection from /127.0.0.1:64102 to /127.0.0.1:64103" [_thread_in_native, id=14152, stack(0x000000ae24300000,0x000000ae24400000)]
  0x0000022e5ca5e090 JavaThread "Cancel handler" [_thread_blocked, id=11940, stack(0x000000ae24400000,0x000000ae24500000)]
  0x0000022e5ca5c740 JavaThread "Daemon worker" [_thread_blocked, id=20356, stack(0x000000ae24500000,0x000000ae24600000)]
  0x0000022e5ca5cc50 JavaThread "Asynchronous log dispatcher for DefaultDaemonConnection: socket connection from /127.0.0.1:64102 to /127.0.0.1:64103" [_thread_blocked, id=17440, stack(0x000000ae24100000,0x000000ae24200000)]
  0x0000022e5ca5e5a0 JavaThread "Stdin handler" [_thread_blocked, id=7736, stack(0x000000ae24600000,0x000000ae24700000)]
  0x0000022e5ca5c230 JavaThread "Daemon client event forwarder" [_thread_blocked, id=16404, stack(0x000000ae24700000,0x000000ae24800000)]
  0x0000022e5ca5d160 JavaThread "Cache worker for journal cache (C:\Users\bryan\.gradle\caches\journal-1)" [_thread_blocked, id=9000, stack(0x000000ae24800000,0x000000ae24900000)]
  0x0000022e5ca5d670 JavaThread "File lock request listener" [_thread_in_native, id=19952, stack(0x000000ae24900000,0x000000ae24a00000)]
  0x0000022e5ca5db80 JavaThread "Cache worker for file hash cache (C:\Users\bryan\.gradle\caches\8.8\fileHashes)" [_thread_blocked, id=6776, stack(0x000000ae24a00000,0x000000ae24b00000)]
  0x0000022e5ca5efc0 JavaThread "Cache worker for file hash cache (C:\dietmate\android\.gradle\8.8\fileHashes)" [_thread_blocked, id=7640, stack(0x000000ae24f00000,0x000000ae25000000)]
  0x0000022e5ca5eab0 JavaThread "File watcher server" daemon [_thread_in_native, id=15956, stack(0x000000ae24b00000,0x000000ae24c00000)]
  0x0000022e5ca5f4d0 JavaThread "File watcher consumer" daemon [_thread_blocked, id=16504, stack(0x000000ae24e00000,0x000000ae24f00000)]
  0x0000022e5d68b3d0 JavaThread "Cache worker for checksums cache (C:\dietmate\android\.gradle\8.8\checksums)" [_thread_blocked, id=12880, stack(0x000000ae25100000,0x000000ae25200000)]
  0x0000022e5d68a9b0 JavaThread "Cache worker for file content cache (C:\Users\bryan\.gradle\caches\8.8\fileContent)" [_thread_blocked, id=21372, stack(0x000000ae25200000,0x000000ae25300000)]
  0x0000022e5d689570 JavaThread "Cache worker for cache directory md-rule (C:\Users\bryan\.gradle\caches\8.8\md-rule)" [_thread_blocked, id=18816, stack(0x000000ae25300000,0x000000ae25400000)]
  0x0000022e5d68fab0 JavaThread "Cache worker for cache directory md-supplier (C:\Users\bryan\.gradle\caches\8.8\md-supplier)" [_thread_blocked, id=21304, stack(0x000000ae25500000,0x000000ae25600000)]
  0x0000022e5d689f90 JavaThread "jar transforms" [_thread_blocked, id=23464, stack(0x000000ae25900000,0x000000ae25a00000)]
  0x0000022e5d68f5a0 JavaThread "Unconstrained build operations" [_thread_blocked, id=5512, stack(0x000000ae25800000,0x000000ae25900000)]
  0x0000022e5d68bdf0 JavaThread "Unconstrained build operations Thread 2" [_thread_blocked, id=11432, stack(0x000000ae25a00000,0x000000ae25b00000)]
  0x0000022e5d68ffc0 JavaThread "Unconstrained build operations Thread 3" [_thread_blocked, id=19672, stack(0x000000ae25b00000,0x000000ae25c00000)]
  0x0000022e5d68c300 JavaThread "Unconstrained build operations Thread 4" [_thread_blocked, id=19896, stack(0x000000ae25c00000,0x000000ae25d00000)]
  0x0000022e5d6904d0 JavaThread "Unconstrained build operations Thread 5" [_thread_blocked, id=23652, stack(0x000000ae25d00000,0x000000ae25e00000)]
  0x0000022e5d68eb80 JavaThread "Unconstrained build operations Thread 6" [_thread_blocked, id=14328, stack(0x000000ae25e00000,0x000000ae25f00000)]
  0x0000022e5d689060 JavaThread "Cache worker for Build Output Cleanup Cache (C:\dietmate\node_modules\@react-native\gradle-plugin\.gradle\buildOutputCleanup)" [_thread_blocked, id=17296, stack(0x000000ae25f00000,0x000000ae26000000)]
  0x0000022e5d68b8e0 JavaThread "Unconstrained build operations Thread 7" [_thread_blocked, id=10168, stack(0x000000ae26000000,0x000000ae26100000)]
  0x0000022e5d68d740 JavaThread "Unconstrained build operations Thread 8" [_thread_blocked, id=12268, stack(0x000000ae26100000,0x000000ae26200000)]
  0x0000022e5d6909e0 JavaThread "Unconstrained build operations Thread 9" [_thread_blocked, id=24720, stack(0x000000ae26200000,0x000000ae26300000)]
  0x0000022e5d68d230 JavaThread "Unconstrained build operations Thread 10" [_thread_blocked, id=13240, stack(0x000000ae26300000,0x000000ae26400000)]
  0x0000022e5d68e670 JavaThread "Unconstrained build operations Thread 11" [_thread_blocked, id=14992, stack(0x000000ae26400000,0x000000ae26500000)]
  0x0000022e5d689a80 JavaThread "Unconstrained build operations Thread 12" [_thread_blocked, id=16868, stack(0x000000ae26500000,0x000000ae26600000)]
  0x0000022e5d68c810 JavaThread "Unconstrained build operations Thread 13" [_thread_blocked, id=4368, stack(0x000000ae26600000,0x000000ae26700000)]
  0x0000022e5d68dc50 JavaThread "Unconstrained build operations Thread 14" [_thread_blocked, id=18176, stack(0x000000ae26700000,0x000000ae26800000)]
  0x0000022e5d68e160 JavaThread "Unconstrained build operations Thread 15" [_thread_blocked, id=7728, stack(0x000000ae26800000,0x000000ae26900000)]
  0x0000022e5d68f090 JavaThread "Unconstrained build operations Thread 16" [_thread_blocked, id=5800, stack(0x000000ae26900000,0x000000ae26a00000)]
  0x0000022e5db718b0 JavaThread "Unconstrained build operations Thread 17" [_thread_blocked, id=5728, stack(0x000000ae26a00000,0x000000ae26b00000)]
  0x0000022e5db75060 JavaThread "Unconstrained build operations Thread 18" [_thread_blocked, id=5192, stack(0x000000ae26b00000,0x000000ae26c00000)]
  0x0000022e5db73200 JavaThread "Unconstrained build operations Thread 19" [_thread_blocked, id=13612, stack(0x000000ae26c00000,0x000000ae26d00000)]
  0x0000022e5db6fa50 JavaThread "Unconstrained build operations Thread 20" [_thread_blocked, id=3532, stack(0x000000ae26d00000,0x000000ae26e00000)]
  0x0000022e5db6ff60 JavaThread "Unconstrained build operations Thread 21" [_thread_blocked, id=22680, stack(0x000000ae26e00000,0x000000ae26f00000)]
  0x0000022e5db72cf0 JavaThread "Unconstrained build operations Thread 22" [_thread_blocked, id=14468, stack(0x000000ae26f00000,0x000000ae27000000)]
  0x0000022e5db75a80 JavaThread "Unconstrained build operations Thread 23" [_thread_blocked, id=8072, stack(0x000000ae27000000,0x000000ae27100000)]
  0x0000022e5db70980 JavaThread "Unconstrained build operations Thread 24" [_thread_blocked, id=22484, stack(0x000000ae27100000,0x000000ae27200000)]
  0x0000022e5db722d0 JavaThread "Unconstrained build operations Thread 25" [_thread_blocked, id=25432, stack(0x000000ae27200000,0x000000ae27300000)]
  0x0000022e5db727e0 JavaThread "Unconstrained build operations Thread 26" [_thread_blocked, id=22132, stack(0x000000ae27300000,0x000000ae27400000)]
  0x0000022e5db70e90 JavaThread "Unconstrained build operations Thread 27" [_thread_blocked, id=23768, stack(0x000000ae27400000,0x000000ae27500000)]
  0x0000022e5db73710 JavaThread "Memory manager" [_thread_blocked, id=13984, stack(0x000000ae27500000,0x000000ae27600000)]
  0x0000022e5db73c20 JavaThread "build event listener" [_thread_blocked, id=12140, stack(0x000000ae25400000,0x000000ae25500000)]
  0x0000022e5db74640 JavaThread "ForkJoinPool.commonPool-worker-1" daemon [_thread_blocked, id=20772, stack(0x000000ae27700000,0x000000ae27800000)]
  0x0000022e5db74b50 JavaThread "ForkJoinPool.commonPool-worker-2" daemon [_thread_blocked, id=24528, stack(0x000000ae27800000,0x000000ae27900000)]
  0x0000022e5db75570 JavaThread "ForkJoinPool.commonPool-worker-3" daemon [_thread_blocked, id=16268, stack(0x000000ae27900000,0x000000ae27a00000)]
  0x0000022e5db75f90 JavaThread "ForkJoinPool.commonPool-worker-4" daemon [_thread_blocked, id=22400, stack(0x000000ae27a00000,0x000000ae27b00000)]
  0x0000022e5db764a0 JavaThread "ForkJoinPool.commonPool-worker-5" daemon [_thread_blocked, id=21204, stack(0x000000ae27b00000,0x000000ae27c00000)]
  0x0000022e5db769b0 JavaThread "ForkJoinPool.commonPool-worker-7" daemon [_thread_blocked, id=24552, stack(0x000000ae27c00000,0x000000ae27d00000)]
  0x0000022e5db76ec0 JavaThread "ForkJoinPool.commonPool-worker-6" daemon [_thread_blocked, id=17272, stack(0x000000ae27d00000,0x000000ae27e00000)]
  0x0000022e5db773d0 JavaThread "Exec process" [_thread_blocked, id=7388, stack(0x000000ae27e00000,0x000000ae27f00000)]
  0x0000022e5db70470 JavaThread "Exec process Thread 2" [_thread_blocked, id=11104, stack(0x000000ae27f00000,0x000000ae28000000)]
  0x0000022e5e61d120 JavaThread "Exec process Thread 3" [_thread_blocked, id=19540, stack(0x000000ae28000000,0x000000ae28100000)]
  0x0000022e5e61ef80 JavaThread "included builds" [_thread_blocked, id=13708, stack(0x000000ae28100000,0x000000ae28200000)]
  0x0000022e5e620de0 JavaThread "Execution worker" [_thread_blocked, id=19464, stack(0x000000ae28200000,0x000000ae28300000)]
  0x0000022e5e619e80 JavaThread "Execution worker Thread 2" [_thread_blocked, id=25288, stack(0x000000ae28300000,0x000000ae28400000)]
  0x0000022e5e61feb0 JavaThread "Execution worker Thread 3" [_thread_blocked, id=17576, stack(0x000000ae28400000,0x000000ae28500000)]
  0x0000022e5e61c700 JavaThread "Execution worker Thread 4" [_thread_blocked, id=20124, stack(0x000000ae28500000,0x000000ae28600000)]
  0x0000022e5e61f490 JavaThread "Execution worker Thread 5" [_thread_blocked, id=21772, stack(0x000000ae28600000,0x000000ae28700000)]
  0x0000022e5e61a390 JavaThread "Execution worker Thread 6" [_thread_blocked, id=14900, stack(0x000000ae28700000,0x000000ae28800000)]
  0x0000022e5e6203c0 JavaThread "Execution worker Thread 7" [_thread_blocked, id=16636, stack(0x000000ae28800000,0x000000ae28900000)]
  0x0000022e5e61ea70 JavaThread "Cache worker for execution history cache (C:\dietmate\node_modules\@react-native\gradle-plugin\.gradle\8.8\executionHistory)" [_thread_blocked, id=22748, stack(0x000000ae28900000,0x000000ae28a00000)]
  0x0000022e5e619970 JavaThread "Unconstrained build operations Thread 28" [_thread_blocked, id=6764, stack(0x000000ae28a00000,0x000000ae28b00000)]
  0x0000022e5e61a8a0 JavaThread "Unconstrained build operations Thread 29" [_thread_blocked, id=15420, stack(0x000000ae28b00000,0x000000ae28c00000)]
  0x0000022e5e61e050 JavaThread "Unconstrained build operations Thread 30" [_thread_blocked, id=22864, stack(0x000000ae28c00000,0x000000ae28d00000)]
  0x0000022e5e61bce0 JavaThread "Unconstrained build operations Thread 31" [_thread_blocked, id=12532, stack(0x000000ae28d00000,0x000000ae28e00000)]
  0x0000022e5e61e560 JavaThread "Unconstrained build operations Thread 32" [_thread_blocked, id=20136, stack(0x000000ae28e00000,0x000000ae28f00000)]
  0x0000022e5e6208d0 JavaThread "Unconstrained build operations Thread 33" [_thread_blocked, id=6996, stack(0x000000ae28f00000,0x000000ae29000000)]
  0x0000022e5e61cc10 JavaThread "Unconstrained build operations Thread 34" [_thread_blocked, id=7524, stack(0x000000ae29000000,0x000000ae29100000)]
  0x0000022e5e61db40 JavaThread "Unconstrained build operations Thread 35" [_thread_in_native, id=5988, stack(0x000000ae29100000,0x000000ae29200000)]
  0x0000022e5e61adb0 JavaThread "Unconstrained build operations Thread 36" [_thread_blocked, id=10072, stack(0x000000ae29200000,0x000000ae29300000)]
  0x0000022e5e6212f0 JavaThread "Unconstrained build operations Thread 37" [_thread_in_native, id=23016, stack(0x000000ae29300000,0x000000ae29400000)]
  0x0000022e5e61d630 JavaThread "Unconstrained build operations Thread 38" [_thread_in_native, id=2612, stack(0x000000ae29400000,0x000000ae29500000)]
  0x0000022e5e61b2c0 JavaThread "Unconstrained build operations Thread 39" [_thread_in_native, id=13600, stack(0x000000ae29500000,0x000000ae29600000)]
  0x0000022e5e61b7d0 JavaThread "Unconstrained build operations Thread 40" [_thread_in_native, id=11060, stack(0x000000ae29600000,0x000000ae29700000)]
  0x0000022e5e61c1f0 JavaThread "Unconstrained build operations Thread 41" [_thread_in_native, id=17476, stack(0x000000ae29700000,0x000000ae29800000)]
  0x0000022e5cfff2d0 JavaThread "Unconstrained build operations Thread 42" [_thread_blocked, id=12512, stack(0x000000ae29800000,0x000000ae29900000)]
  0x0000022e5cffca50 JavaThread "Unconstrained build operations Thread 43" [_thread_blocked, id=5716, stack(0x000000ae29900000,0x000000ae29a00000)]
  0x0000022e5cffc540 JavaThread "Unconstrained build operations Thread 44" [_thread_blocked, id=13816, stack(0x000000ae29a00000,0x000000ae29b00000)]
  0x0000022e5cffedc0 JavaThread "Unconstrained build operations Thread 45" [_thread_blocked, id=24880, stack(0x000000ae29b00000,0x000000ae29c00000)]
  0x0000022e5cffabf0 JavaThread "Unconstrained build operations Thread 46" [_thread_blocked, id=22664, stack(0x000000ae29c00000,0x000000ae29d00000)]
  0x0000022e5cffb100 JavaThread "Unconstrained build operations Thread 47" [_thread_blocked, id=25412, stack(0x000000ae29d00000,0x000000ae29e00000)]
  0x0000022e5d000710 JavaThread "Unconstrained build operations Thread 48" [_thread_blocked, id=23096, stack(0x000000ae29e00000,0x000000ae29f00000)]
  0x0000022e5d002570 JavaThread "Unconstrained build operations Thread 49" [_thread_blocked, id=18500, stack(0x000000ae29f00000,0x000000ae2a000000)]
  0x0000022e5cffbb20 JavaThread "Unconstrained build operations Thread 50" [_thread_blocked, id=20312, stack(0x000000ae2a000000,0x000000ae2a100000)]
  0x0000022e5cffcf60 JavaThread "Unconstrained build operations Thread 51" [_thread_blocked, id=21828, stack(0x000000ae2a100000,0x000000ae2a200000)]
  0x0000022e5cffd470 JavaThread "Unconstrained build operations Thread 52" [_thread_blocked, id=2784, stack(0x000000ae2a200000,0x000000ae2a300000)]
  0x0000022e5d000c20 JavaThread "Unconstrained build operations Thread 53" [_thread_blocked, id=17364, stack(0x000000ae2a300000,0x000000ae2a400000)]
  0x0000022e5d001640 JavaThread "Unconstrained build operations Thread 54" [_thread_blocked, id=12216, stack(0x000000ae2a400000,0x000000ae2a500000)]
  0x0000022e5cfff7e0 JavaThread "Unconstrained build operations Thread 55" [_thread_blocked, id=22824, stack(0x000000ae2a500000,0x000000ae2a600000)]
  0x0000022e5d001b50 JavaThread "Unconstrained build operations Thread 56" [_thread_blocked, id=25316, stack(0x000000ae2a600000,0x000000ae2a700000)]
  0x0000022e5cffe3a0 JavaThread "Unconstrained build operations Thread 57" [_thread_blocked, id=14768, stack(0x000000ae2a700000,0x000000ae2a800000)]
  0x0000022e5d001130 JavaThread "Unconstrained build operations Thread 58" [_thread_blocked, id=18228, stack(0x000000ae2a800000,0x000000ae2a900000)]
  0x0000022e5cffb610 JavaThread "Unconstrained build operations Thread 59" [_thread_blocked, id=22112, stack(0x000000ae2a900000,0x000000ae2aa00000)]
  0x0000022e5cffc030 JavaThread "Unconstrained build operations Thread 60" [_thread_blocked, id=8084, stack(0x000000ae2aa00000,0x000000ae2ab00000)]
  0x0000022e5cffd980 JavaThread "Unconstrained build operations Thread 61" [_thread_blocked, id=13284, stack(0x000000ae2ab00000,0x000000ae2ac00000)]
  0x0000022e5cffde90 JavaThread "Unconstrained build operations Thread 62" [_thread_blocked, id=4620, stack(0x000000ae2ac00000,0x000000ae2ad00000)]
  0x0000022e5d002060 JavaThread "Unconstrained build operations Thread 63" [_thread_blocked, id=9532, stack(0x000000ae2ad00000,0x000000ae2ae00000)]
  0x0000022e5cfffcf0 JavaThread "Unconstrained build operations Thread 64" [_thread_blocked, id=11892, stack(0x000000ae2ae00000,0x000000ae2af00000)]
  0x0000022e5cffe8b0 JavaThread "Unconstrained build operations Thread 65" [_thread_blocked, id=6932, stack(0x000000ae2af00000,0x000000ae2b000000)]
  0x0000022e5d000200 JavaThread "Unconstrained build operations Thread 66" [_thread_blocked, id=7336, stack(0x000000ae2b000000,0x000000ae2b100000)]
  0x0000022e5b2f3330 JavaThread "Unconstrained build operations Thread 67" [_thread_blocked, id=7960, stack(0x000000ae2b100000,0x000000ae2b200000)]
  0x0000022e5b2f56a0 JavaThread "Unconstrained build operations Thread 68" [_thread_blocked, id=7380, stack(0x000000ae2b200000,0x000000ae2b300000)]
  0x0000022e5b2f4260 JavaThread "Unconstrained build operations Thread 69" [_thread_blocked, id=21436, stack(0x000000ae2b300000,0x000000ae2b400000)]
  0x0000022e5b2f3840 JavaThread "Unconstrained build operations Thread 70" [_thread_blocked, id=19352, stack(0x000000ae2b400000,0x000000ae2b500000)]
  0x0000022e5b2f2400 JavaThread "Unconstrained build operations Thread 71" [_thread_blocked, id=11036, stack(0x000000ae2b500000,0x000000ae2b600000)]
  0x0000022e5b2f2e20 JavaThread "Unconstrained build operations Thread 72" [_thread_blocked, id=21664, stack(0x000000ae2b600000,0x000000ae2b700000)]
  0x0000022e5b2f2910 JavaThread "jar transforms Thread 2" [_thread_blocked, id=23488, stack(0x000000ae2b700000,0x000000ae2b800000)]
  0x0000022e5b2f3d50 JavaThread "Cache worker for Build Output Cleanup Cache (C:\dietmate\android\.gradle\buildOutputCleanup)" [_thread_blocked, id=22872, stack(0x000000ae2b900000,0x000000ae2ba00000)]
  0x0000022e5b2f4770 JavaThread "jar transforms Thread 3" [_thread_blocked, id=24748, stack(0x000000ae2ba00000,0x000000ae2bb00000)]
  0x0000022e5c137800 JavaThread "C2 CompilerThread1" daemon [_thread_in_native, id=10316, stack(0x000000ae2bb00000,0x000000ae2bc00000)]
  0x0000022e5b2f4c80 JavaThread "Unconstrained build operations Thread 73" [_thread_blocked, id=10456, stack(0x000000ae2bc00000,0x000000ae2bd00000)]
  0x0000022e5b2f5190 JavaThread "Unconstrained build operations Thread 74" [_thread_blocked, id=19396, stack(0x000000ae2bd00000,0x000000ae2be00000)]
  0x0000022e5b2f1ef0 JavaThread "Unconstrained build operations Thread 75" [_thread_blocked, id=17656, stack(0x000000ae2be00000,0x000000ae2bf00000)]
  0x0000022e5b15de00 JavaThread "Unconstrained build operations Thread 76" [_thread_blocked, id=17944, stack(0x000000ae2bf00000,0x000000ae2c000000)]
  0x0000022e5b15e310 JavaThread "Unconstrained build operations Thread 77" [_thread_blocked, id=18764, stack(0x000000ae2c000000,0x000000ae2c100000)]
  0x0000022e5b161fd0 JavaThread "Unconstrained build operations Thread 78" [_thread_blocked, id=11544, stack(0x000000ae2c100000,0x000000ae2c200000)]
  0x0000022e5b1629f0 JavaThread "Unconstrained build operations Thread 79" [_thread_blocked, id=7780, stack(0x000000ae2c200000,0x000000ae2c300000)]
  0x0000022e5b162f00 JavaThread "Unconstrained build operations Thread 80" [_thread_blocked, id=13040, stack(0x000000ae2c300000,0x000000ae2c400000)]
  0x0000022e5b163410 JavaThread "jar transforms Thread 4" [_thread_blocked, id=7384, stack(0x000000ae2c400000,0x000000ae2c500000)]
  0x0000022e5b15c4b0 JavaThread "jar transforms Thread 5" [_thread_blocked, id=14560, stack(0x000000ae2c500000,0x000000ae2c600000)]
  0x0000022e5b1624e0 JavaThread "jar transforms Thread 6" [_thread_blocked, id=20216, stack(0x000000ae2c600000,0x000000ae2c700000)]
  0x0000022e5b163e30 JavaThread "jar transforms Thread 7" [_thread_blocked, id=3688, stack(0x000000ae2c800000,0x000000ae2c900000)]
  0x0000022e5b15c9c0 JavaThread "jar transforms Thread 8" [_thread_blocked, id=13136, stack(0x000000ae2c900000,0x000000ae2ca00000)]
  0x0000022e5b15ced0 JavaThread "build event listener" [_thread_blocked, id=25464, stack(0x000000ae2ca00000,0x000000ae2cb00000)]
  0x0000022e60d51a90 JavaThread "C2 CompilerThread2" daemon [_thread_blocked, id=6260, stack(0x000000ae2c700000,0x000000ae2c800000)]

Other Threads:
  0x0000022e3b782010 VMThread "VM Thread" [stack: 0x000000ae22c00000,0x000000ae22d00000] [id=8728]
  0x0000022e1b302f30 WatcherThread [stack: 0x000000ae23800000,0x000000ae23900000] [id=1904]
  0x0000022e1b35c2c0 GCTaskThread "GC Thread#0" [stack: 0x000000ae22700000,0x000000ae22800000] [id=11012]
  0x0000022e5bd05590 GCTaskThread "GC Thread#1" [stack: 0x000000ae23b00000,0x000000ae23c00000] [id=21720]
  0x0000022e5c1f5ce0 GCTaskThread "GC Thread#2" [stack: 0x000000ae23c00000,0x000000ae23d00000] [id=3104]
  0x0000022e5bd68790 GCTaskThread "GC Thread#3" [stack: 0x000000ae23d00000,0x000000ae23e00000] [id=15404]
  0x0000022e5bd68a50 GCTaskThread "GC Thread#4" [stack: 0x000000ae23e00000,0x000000ae23f00000] [id=20812]
  0x0000022e5b70aaf0 GCTaskThread "GC Thread#5" [stack: 0x000000ae23f00000,0x000000ae24000000] [id=16392]
  0x0000022e5d45f450 GCTaskThread "GC Thread#6" [stack: 0x000000ae24c00000,0x000000ae24d00000] [id=2288]
  0x0000022e5c537030 GCTaskThread "GC Thread#7" [stack: 0x000000ae24d00000,0x000000ae24e00000] [id=19620]
  0x0000022e1b36d210 ConcurrentGCThread "G1 Main Marker" [stack: 0x000000ae22800000,0x000000ae22900000] [id=6124]
  0x0000022e1b36dc20 ConcurrentGCThread "G1 Conc#0" [stack: 0x000000ae22900000,0x000000ae22a00000] [id=21240]
  0x0000022e5cfd28e0 ConcurrentGCThread "G1 Conc#1" [stack: 0x000000ae25000000,0x000000ae25100000] [id=3260]
  0x0000022e1b3ae9f0 ConcurrentGCThread "G1 Refine#0" [stack: 0x000000ae22a00000,0x000000ae22b00000] [id=5528]
  0x0000022e5d795b90 ConcurrentGCThread "G1 Refine#1" [stack: 0x000000ae25600000,0x000000ae25700000] [id=24844]
  0x0000022e5d796d30 ConcurrentGCThread "G1 Refine#2" [stack: 0x000000ae25700000,0x000000ae25800000] [id=24108]
  0x0000022e3b5e2750 ConcurrentGCThread "G1 Service" [stack: 0x000000ae22b00000,0x000000ae22c00000] [id=13552]

Threads with active compile tasks:
C2 CompilerThread0    48104 13291   !   4       org.gradle.cache.internal.DefaultMultiProcessSafeIndexedCache::getIfPresent (25 bytes)
C2 CompilerThread1    48104 13421       4       org.gradle.api.internal.changedetection.state.CachingFileHasher$FileInfoSerializer::read (6 bytes)

VM state: not at safepoint (normal execution)

VM Mutex/Monitor currently owned by a thread: None

Heap address: 0x0000000080000000, size: 2048 MB, Compressed Oops mode: 32-bit

CDS archive(s) mapped at: [0x0000022e3c000000-0x0000022e3cbd0000-0x0000022e3cbd0000), size 12386304, SharedBaseAddress: 0x0000022e3c000000, ArchiveRelocationMode: 1.
Compressed class space mapped at: 0x0000022e3d000000-0x0000022e57000000, reserved size: 436207616
Narrow klass base: 0x0000022e3c000000, Narrow klass shift: 0, Narrow klass range: 0x100000000

GC Precious Log:
 CPUs: 8 total, 8 available
 Memory: 16145M
 Large Page Support: Disabled
 NUMA Support: Disabled
 Compressed Oops: Enabled (32-bit)
 Heap Region Size: 1M
 Heap Min Capacity: 8M
 Heap Initial Capacity: 254M
 Heap Max Capacity: 2G
 Pre-touch: Disabled
 Parallel Workers: 8
 Concurrent Workers: 2
 Concurrent Refinement Workers: 8
 Periodic GC: Disabled

Heap:
 garbage-first heap   total 178176K, used 138711K [0x0000000080000000, 0x0000000100000000)
  region size 1024K, 6 young (6144K), 3 survivors (3072K)
 Metaspace       used 97070K, committed 98176K, reserved 557056K
  class space    used 13708K, committed 14208K, reserved 425984K

Heap Regions: E=young(eden), S=young(survivor), O=old, HS=humongous(starts), HC=humongous(continues), CS=collection set, F=free, OA=open archive, CA=closed archive, TAMS=top-at-mark-start (previous, next)
|   0|0x0000000080000000, 0x0000000080100000, 0x0000000080100000|100%|HS|  |TAMS 0x0000000080100000, 0x0000000080100000| Complete 
|   1|0x0000000080100000, 0x0000000080200000, 0x0000000080200000|100%|HC|  |TAMS 0x0000000080200000, 0x0000000080200000| Complete 
|   2|0x0000000080200000, 0x0000000080300000, 0x0000000080300000|100%|HC|  |TAMS 0x0000000080300000, 0x0000000080300000| Complete 
|   3|0x0000000080300000, 0x0000000080400000, 0x0000000080400000|100%|HC|  |TAMS 0x0000000080400000, 0x0000000080400000| Complete 
|   4|0x0000000080400000, 0x0000000080500000, 0x0000000080500000|100%| O|  |TAMS 0x0000000080500000, 0x0000000080500000| Untracked 
|   5|0x0000000080500000, 0x0000000080600000, 0x0000000080600000|100%| O|  |TAMS 0x0000000080600000, 0x0000000080600000| Untracked 
|   6|0x0000000080600000, 0x0000000080700000, 0x0000000080700000|100%| O|  |TAMS 0x0000000080700000, 0x0000000080700000| Untracked 
|   7|0x0000000080700000, 0x0000000080800000, 0x0000000080800000|100%| O|  |TAMS 0x0000000080800000, 0x0000000080800000| Untracked 
|   8|0x0000000080800000, 0x0000000080900000, 0x0000000080900000|100%| O|  |TAMS 0x0000000080900000, 0x0000000080900000| Untracked 
|   9|0x0000000080900000, 0x0000000080a00000, 0x0000000080a00000|100%| O|  |TAMS 0x0000000080a00000, 0x0000000080a00000| Untracked 
|  10|0x0000000080a00000, 0x0000000080b00000, 0x0000000080b00000|100%| O|  |TAMS 0x0000000080b00000, 0x0000000080b00000| Untracked 
|  11|0x0000000080b00000, 0x0000000080c00000, 0x0000000080c00000|100%|HS|  |TAMS 0x0000000080c00000, 0x0000000080c00000| Complete 
|  12|0x0000000080c00000, 0x0000000080d00000, 0x0000000080d00000|100%| O|  |TAMS 0x0000000080d00000, 0x0000000080d00000| Untracked 
|  13|0x0000000080d00000, 0x0000000080e00000, 0x0000000080e00000|100%| O|  |TAMS 0x0000000080e00000, 0x0000000080e00000| Untracked 
|  14|0x0000000080e00000, 0x0000000080f00000, 0x0000000080f00000|100%| O|  |TAMS 0x0000000080f00000, 0x0000000080f00000| Untracked 
|  15|0x0000000080f00000, 0x0000000081000000, 0x0000000081000000|100%| O|  |TAMS 0x0000000081000000, 0x0000000081000000| Untracked 
|  16|0x0000000081000000, 0x0000000081100000, 0x0000000081100000|100%| O|  |TAMS 0x0000000081100000, 0x0000000081100000| Untracked 
|  17|0x0000000081100000, 0x0000000081200000, 0x0000000081200000|100%| O|  |TAMS 0x0000000081200000, 0x0000000081200000| Untracked 
|  18|0x0000000081200000, 0x0000000081300000, 0x0000000081300000|100%| O|  |TAMS 0x0000000081300000, 0x0000000081300000| Untracked 
|  19|0x0000000081300000, 0x0000000081400000, 0x0000000081400000|100%| O|  |TAMS 0x0000000081400000, 0x0000000081400000| Untracked 
|  20|0x0000000081400000, 0x0000000081500000, 0x0000000081500000|100%| O|  |TAMS 0x0000000081500000, 0x0000000081500000| Untracked 
|  21|0x0000000081500000, 0x0000000081600000, 0x0000000081600000|100%| O|  |TAMS 0x0000000081600000, 0x0000000081600000| Untracked 
|  22|0x0000000081600000, 0x0000000081700000, 0x0000000081700000|100%| O|  |TAMS 0x0000000081700000, 0x0000000081700000| Untracked 
|  23|0x0000000081700000, 0x0000000081800000, 0x0000000081800000|100%| O|  |TAMS 0x0000000081800000, 0x0000000081800000| Untracked 
|  24|0x0000000081800000, 0x0000000081900000, 0x0000000081900000|100%| O|  |TAMS 0x0000000081900000, 0x0000000081900000| Untracked 
|  25|0x0000000081900000, 0x0000000081a00000, 0x0000000081a00000|100%| O|  |TAMS 0x0000000081a00000, 0x0000000081a00000| Untracked 
|  26|0x0000000081a00000, 0x0000000081b00000, 0x0000000081b00000|100%| O|  |TAMS 0x0000000081b00000, 0x0000000081b00000| Untracked 
|  27|0x0000000081b00000, 0x0000000081c00000, 0x0000000081c00000|100%| O|  |TAMS 0x0000000081c00000, 0x0000000081c00000| Untracked 
|  28|0x0000000081c00000, 0x0000000081d00000, 0x0000000081d00000|100%| O|  |TAMS 0x0000000081d00000, 0x0000000081d00000| Untracked 
|  29|0x0000000081d00000, 0x0000000081e00000, 0x0000000081e00000|100%| O|  |TAMS 0x0000000081e00000, 0x0000000081e00000| Untracked 
|  30|0x0000000081e00000, 0x0000000081f00000, 0x0000000081f00000|100%| O|  |TAMS 0x0000000081f00000, 0x0000000081f00000| Untracked 
|  31|0x0000000081f00000, 0x0000000082000000, 0x0000000082000000|100%| O|  |TAMS 0x0000000082000000, 0x0000000082000000| Untracked 
|  32|0x0000000082000000, 0x0000000082100000, 0x0000000082100000|100%| O|  |TAMS 0x0000000082100000, 0x0000000082100000| Untracked 
|  33|0x0000000082100000, 0x0000000082200000, 0x0000000082200000|100%| O|  |TAMS 0x0000000082200000, 0x0000000082200000| Untracked 
|  34|0x0000000082200000, 0x0000000082300000, 0x0000000082300000|100%|HS|  |TAMS 0x0000000082300000, 0x0000000082300000| Complete 
|  35|0x0000000082300000, 0x0000000082400000, 0x0000000082400000|100%|HC|  |TAMS 0x0000000082400000, 0x0000000082400000| Complete 
|  36|0x0000000082400000, 0x0000000082500000, 0x0000000082500000|100%|HS|  |TAMS 0x0000000082500000, 0x0000000082500000| Complete 
|  37|0x0000000082500000, 0x0000000082600000, 0x0000000082600000|100%|HC|  |TAMS 0x0000000082600000, 0x0000000082600000| Complete 
|  38|0x0000000082600000, 0x0000000082700000, 0x0000000082700000|100%|HS|  |TAMS 0x0000000082700000, 0x0000000082700000| Complete 
|  39|0x0000000082700000, 0x0000000082800000, 0x0000000082800000|100%|HC|  |TAMS 0x0000000082800000, 0x0000000082800000| Complete 
|  40|0x0000000082800000, 0x0000000082900000, 0x0000000082900000|100%|HC|  |TAMS 0x0000000082900000, 0x0000000082900000| Complete 
|  41|0x0000000082900000, 0x0000000082a00000, 0x0000000082a00000|100%|HC|  |TAMS 0x0000000082a00000, 0x0000000082a00000| Complete 
|  42|0x0000000082a00000, 0x0000000082b00000, 0x0000000082b00000|100%|HS|  |TAMS 0x0000000082b00000, 0x0000000082b00000| Complete 
|  43|0x0000000082b00000, 0x0000000082c00000, 0x0000000082c00000|100%|HC|  |TAMS 0x0000000082c00000, 0x0000000082c00000| Complete 
|  44|0x0000000082c00000, 0x0000000082d00000, 0x0000000082d00000|100%|HC|  |TAMS 0x0000000082d00000, 0x0000000082d00000| Complete 
|  45|0x0000000082d00000, 0x0000000082e00000, 0x0000000082e00000|100%|HC|  |TAMS 0x0000000082e00000, 0x0000000082e00000| Complete 
|  46|0x0000000082e00000, 0x0000000082f00000, 0x0000000082f00000|100%| O|  |TAMS 0x0000000082f00000, 0x0000000082f00000| Untracked 
|  47|0x0000000082f00000, 0x0000000083000000, 0x0000000083000000|100%| O|  |TAMS 0x0000000083000000, 0x0000000083000000| Untracked 
|  48|0x0000000083000000, 0x0000000083100000, 0x0000000083100000|100%| O|  |TAMS 0x0000000083100000, 0x0000000083100000| Untracked 
|  49|0x0000000083100000, 0x0000000083200000, 0x0000000083200000|100%| O|  |TAMS 0x0000000083200000, 0x0000000083200000| Untracked 
|  50|0x0000000083200000, 0x0000000083300000, 0x0000000083300000|100%| O|  |TAMS 0x0000000083300000, 0x0000000083300000| Untracked 
|  51|0x0000000083300000, 0x0000000083400000, 0x0000000083400000|100%| O|  |TAMS 0x0000000083400000, 0x0000000083400000| Untracked 
|  52|0x0000000083400000, 0x0000000083500000, 0x0000000083500000|100%| O|  |TAMS 0x0000000083500000, 0x0000000083500000| Untracked 
|  53|0x0000000083500000, 0x0000000083600000, 0x0000000083600000|100%| O|  |TAMS 0x0000000083600000, 0x0000000083600000| Untracked 
|  54|0x0000000083600000, 0x0000000083700000, 0x0000000083700000|100%| O|  |TAMS 0x0000000083700000, 0x0000000083700000| Untracked 
|  55|0x0000000083700000, 0x0000000083800000, 0x0000000083800000|100%| O|  |TAMS 0x0000000083800000, 0x0000000083800000| Untracked 
|  56|0x0000000083800000, 0x0000000083900000, 0x0000000083900000|100%| O|  |TAMS 0x0000000083900000, 0x0000000083900000| Untracked 
|  57|0x0000000083900000, 0x0000000083a00000, 0x0000000083a00000|100%| O|  |TAMS 0x0000000083900000, 0x0000000083a00000| Untracked 
|  58|0x0000000083a00000, 0x0000000083b00000, 0x0000000083b00000|100%| O|  |TAMS 0x0000000083a00000, 0x0000000083b00000| Untracked 
|  59|0x0000000083b00000, 0x0000000083c00000, 0x0000000083c00000|100%| O|  |TAMS 0x0000000083c00000, 0x0000000083c00000| Untracked 
|  60|0x0000000083c00000, 0x0000000083d00000, 0x0000000083d00000|100%| O|  |TAMS 0x0000000083d00000, 0x0000000083d00000| Untracked 
|  61|0x0000000083d00000, 0x0000000083e00000, 0x0000000083e00000|100%| O|  |TAMS 0x0000000083e00000, 0x0000000083e00000| Untracked 
|  62|0x0000000083e00000, 0x0000000083f00000, 0x0000000083f00000|100%| O|  |TAMS 0x0000000083f00000, 0x0000000083f00000| Untracked 
|  63|0x0000000083f00000, 0x0000000084000000, 0x0000000084000000|100%| O|  |TAMS 0x0000000084000000, 0x0000000084000000| Untracked 
|  64|0x0000000084000000, 0x0000000084100000, 0x0000000084100000|100%| O|  |TAMS 0x0000000084100000, 0x0000000084100000| Untracked 
|  65|0x0000000084100000, 0x0000000084200000, 0x0000000084200000|100%| O|  |TAMS 0x0000000084200000, 0x0000000084200000| Untracked 
|  66|0x0000000084200000, 0x0000000084300000, 0x0000000084300000|100%| O|  |TAMS 0x0000000084300000, 0x0000000084300000| Untracked 
|  67|0x0000000084300000, 0x0000000084400000, 0x0000000084400000|100%| O|  |TAMS 0x0000000084400000, 0x0000000084400000| Untracked 
|  68|0x0000000084400000, 0x0000000084500000, 0x0000000084500000|100%| O|  |TAMS 0x0000000084500000, 0x0000000084500000| Untracked 
|  69|0x0000000084500000, 0x0000000084600000, 0x0000000084600000|100%| O|  |TAMS 0x0000000084600000, 0x0000000084600000| Untracked 
|  70|0x0000000084600000, 0x0000000084700000, 0x0000000084700000|100%| O|  |TAMS 0x0000000084700000, 0x0000000084700000| Untracked 
|  71|0x0000000084700000, 0x0000000084800000, 0x0000000084800000|100%| O|  |TAMS 0x0000000084800000, 0x0000000084800000| Untracked 
|  72|0x0000000084800000, 0x0000000084900000, 0x0000000084900000|100%| O|  |TAMS 0x0000000084900000, 0x0000000084900000| Untracked 
|  73|0x0000000084900000, 0x0000000084a00000, 0x0000000084a00000|100%| O|  |TAMS 0x0000000084a00000, 0x0000000084a00000| Untracked 
|  74|0x0000000084a00000, 0x0000000084b00000, 0x0000000084b00000|100%| O|  |TAMS 0x0000000084b00000, 0x0000000084b00000| Untracked 
|  75|0x0000000084b00000, 0x0000000084c00000, 0x0000000084c00000|100%| O|  |TAMS 0x0000000084c00000, 0x0000000084c00000| Untracked 
|  76|0x0000000084c00000, 0x0000000084d00000, 0x0000000084d00000|100%|HS|  |TAMS 0x0000000084d00000, 0x0000000084d00000| Complete 
|  77|0x0000000084d00000, 0x0000000084e00000, 0x0000000084e00000|100%| O|  |TAMS 0x0000000084e00000, 0x0000000084e00000| Untracked 
|  78|0x0000000084e00000, 0x0000000084f00000, 0x0000000084f00000|100%| O|  |TAMS 0x0000000084f00000, 0x0000000084f00000| Untracked 
|  79|0x0000000084f00000, 0x0000000085000000, 0x0000000085000000|100%|HS|  |TAMS 0x0000000085000000, 0x0000000085000000| Complete 
|  80|0x0000000085000000, 0x0000000085100000, 0x0000000085100000|100%|HS|  |TAMS 0x0000000085100000, 0x0000000085100000| Complete 
|  81|0x0000000085100000, 0x0000000085200000, 0x0000000085200000|100%|HS|  |TAMS 0x0000000085200000, 0x0000000085200000| Complete 
|  82|0x0000000085200000, 0x0000000085300000, 0x0000000085300000|100%| O|  |TAMS 0x0000000085300000, 0x0000000085300000| Untracked 
|  83|0x0000000085300000, 0x0000000085400000, 0x0000000085400000|100%|HS|  |TAMS 0x0000000085400000, 0x0000000085400000| Complete 
|  84|0x0000000085400000, 0x0000000085500000, 0x0000000085500000|100%|HS|  |TAMS 0x0000000085500000, 0x0000000085500000| Complete 
|  85|0x0000000085500000, 0x0000000085600000, 0x0000000085600000|100%| O|  |TAMS 0x0000000085600000, 0x0000000085600000| Untracked 
|  86|0x0000000085600000, 0x0000000085700000, 0x0000000085700000|100%| O|  |TAMS 0x0000000085700000, 0x0000000085700000| Untracked 
|  87|0x0000000085700000, 0x0000000085800000, 0x0000000085800000|100%| O|  |TAMS 0x0000000085800000, 0x0000000085800000| Untracked 
|  88|0x0000000085800000, 0x0000000085900000, 0x0000000085900000|100%| O|  |TAMS 0x0000000085900000, 0x0000000085900000| Untracked 
|  89|0x0000000085900000, 0x0000000085a00000, 0x0000000085a00000|100%| O|  |TAMS 0x0000000085a00000, 0x0000000085a00000| Untracked 
|  90|0x0000000085a00000, 0x0000000085b00000, 0x0000000085b00000|100%| O|  |TAMS 0x0000000085b00000, 0x0000000085b00000| Untracked 
|  91|0x0000000085b00000, 0x0000000085c00000, 0x0000000085c00000|100%| O|  |TAMS 0x0000000085c00000, 0x0000000085c00000| Untracked 
|  92|0x0000000085c00000, 0x0000000085d00000, 0x0000000085d00000|100%| O|  |TAMS 0x0000000085d00000, 0x0000000085d00000| Untracked 
|  93|0x0000000085d00000, 0x0000000085e00000, 0x0000000085e00000|100%| O|  |TAMS 0x0000000085e00000, 0x0000000085e00000| Untracked 
|  94|0x0000000085e00000, 0x0000000085f00000, 0x0000000085f00000|100%| O|  |TAMS 0x0000000085f00000, 0x0000000085f00000| Untracked 
|  95|0x0000000085f00000, 0x0000000086000000, 0x0000000086000000|100%| O|  |TAMS 0x0000000085f39a00, 0x0000000086000000| Untracked 
|  96|0x0000000086000000, 0x0000000086100000, 0x0000000086100000|100%| O|  |TAMS 0x0000000086000000, 0x0000000086100000| Untracked 
|  97|0x0000000086100000, 0x0000000086200000, 0x0000000086200000|100%| O|  |TAMS 0x0000000086100000, 0x0000000086200000| Untracked 
|  98|0x0000000086200000, 0x0000000086300000, 0x0000000086300000|100%| O|  |TAMS 0x0000000086200000, 0x0000000086300000| Untracked 
|  99|0x0000000086300000, 0x0000000086400000, 0x0000000086400000|100%|HS|  |TAMS 0x0000000086400000, 0x0000000086400000| Complete 
| 100|0x0000000086400000, 0x0000000086500000, 0x0000000086500000|100%| O|  |TAMS 0x0000000086400000, 0x0000000086500000| Untracked 
| 101|0x0000000086500000, 0x0000000086600000, 0x0000000086600000|100%| O|  |TAMS 0x0000000086500000, 0x0000000086600000| Untracked 
| 102|0x0000000086600000, 0x0000000086700000, 0x0000000086700000|100%| O|  |TAMS 0x0000000086600000, 0x0000000086700000| Untracked 
| 103|0x0000000086700000, 0x0000000086800000, 0x0000000086800000|100%| O|  |TAMS 0x0000000086700000, 0x0000000086800000| Untracked 
| 104|0x0000000086800000, 0x0000000086900000, 0x0000000086900000|100%| O|  |TAMS 0x0000000086800000, 0x0000000086900000| Untracked 
| 105|0x0000000086900000, 0x0000000086a00000, 0x0000000086a00000|100%| O|  |TAMS 0x0000000086900000, 0x0000000086a00000| Untracked 
| 106|0x0000000086a00000, 0x0000000086b00000, 0x0000000086b00000|100%| O|  |TAMS 0x0000000086a00000, 0x0000000086b00000| Untracked 
| 107|0x0000000086b00000, 0x0000000086c00000, 0x0000000086c00000|100%| O|  |TAMS 0x0000000086b00000, 0x0000000086c00000| Untracked 
| 108|0x0000000086c00000, 0x0000000086d00000, 0x0000000086d00000|100%| O|  |TAMS 0x0000000086c00000, 0x0000000086d00000| Untracked 
| 109|0x0000000086d00000, 0x0000000086e00000, 0x0000000086e00000|100%| O|  |TAMS 0x0000000086d00000, 0x0000000086e00000| Untracked 
| 110|0x0000000086e00000, 0x0000000086f00000, 0x0000000086f00000|100%| O|  |TAMS 0x0000000086e00000, 0x0000000086f00000| Untracked 
| 111|0x0000000086f00000, 0x0000000087000000, 0x0000000087000000|100%| O|  |TAMS 0x0000000086f00000, 0x0000000087000000| Untracked 
| 112|0x0000000087000000, 0x0000000087100000, 0x0000000087100000|100%| O|  |TAMS 0x0000000087000000, 0x0000000087100000| Untracked 
| 113|0x0000000087100000, 0x0000000087200000, 0x0000000087200000|100%| O|  |TAMS 0x0000000087100000, 0x0000000087200000| Untracked 
| 114|0x0000000087200000, 0x0000000087300000, 0x0000000087300000|100%| O|  |TAMS 0x0000000087200000, 0x0000000087300000| Untracked 
| 115|0x0000000087300000, 0x0000000087400000, 0x0000000087400000|100%| O|  |TAMS 0x0000000087300000, 0x0000000087400000| Untracked 
| 116|0x0000000087400000, 0x0000000087500000, 0x0000000087500000|100%| O|  |TAMS 0x0000000087400000, 0x0000000087500000| Untracked 
| 117|0x0000000087500000, 0x0000000087600000, 0x0000000087600000|100%| O|  |TAMS 0x0000000087500000, 0x0000000087600000| Untracked 
| 118|0x0000000087600000, 0x0000000087700000, 0x0000000087700000|100%| O|  |TAMS 0x0000000087600000, 0x0000000087700000| Untracked 
| 119|0x0000000087700000, 0x0000000087800000, 0x0000000087800000|100%| O|  |TAMS 0x0000000087700000, 0x0000000087800000| Untracked 
| 120|0x0000000087800000, 0x0000000087900000, 0x0000000087900000|100%| O|  |TAMS 0x0000000087800000, 0x0000000087900000| Untracked 
| 121|0x0000000087900000, 0x0000000087a00000, 0x0000000087a00000|100%| O|  |TAMS 0x0000000087900000, 0x0000000087a00000| Untracked 
| 122|0x0000000087a00000, 0x0000000087b00000, 0x0000000087b00000|100%| O|  |TAMS 0x0000000087a00000, 0x0000000087b00000| Untracked 
| 123|0x0000000087b00000, 0x0000000087c00000, 0x0000000087c00000|100%| O|  |TAMS 0x0000000087b00000, 0x0000000087c00000| Untracked 
| 124|0x0000000087c00000, 0x0000000087d00000, 0x0000000087d00000|100%| O|  |TAMS 0x0000000087c00000, 0x0000000087d00000| Untracked 
| 125|0x0000000087d00000, 0x0000000087e00000, 0x0000000087e00000|100%| O|  |TAMS 0x0000000087d00000, 0x0000000087dbb600| Untracked 
| 126|0x0000000087e00000, 0x0000000087f00000, 0x0000000087f00000|100%| O|  |TAMS 0x0000000087e00000, 0x0000000087e00000| Untracked 
| 127|0x0000000087f00000, 0x0000000088000000, 0x0000000088000000|100%| O|  |TAMS 0x0000000087f00000, 0x0000000087f00000| Untracked 
| 128|0x0000000088000000, 0x0000000088100000, 0x0000000088100000|100%| O|  |TAMS 0x0000000088000000, 0x0000000088000000| Untracked 
| 129|0x0000000088100000, 0x0000000088200000, 0x0000000088200000|100%| O|  |TAMS 0x0000000088100000, 0x0000000088100000| Untracked 
| 130|0x0000000088200000, 0x0000000088275e00, 0x0000000088300000| 46%| O|  |TAMS 0x0000000088200000, 0x0000000088200000| Untracked 
| 131|0x0000000088300000, 0x0000000088300000, 0x0000000088400000|  0%| F|  |TAMS 0x0000000088300000, 0x0000000088300000| Untracked 
| 132|0x0000000088400000, 0x0000000088400000, 0x0000000088500000|  0%| F|  |TAMS 0x0000000088400000, 0x0000000088400000| Untracked 
| 133|0x0000000088500000, 0x0000000088500000, 0x0000000088600000|  0%| F|  |TAMS 0x0000000088500000, 0x0000000088500000| Untracked 
| 134|0x0000000088600000, 0x0000000088600000, 0x0000000088700000|  0%| F|  |TAMS 0x0000000088600000, 0x0000000088600000| Untracked 
| 135|0x0000000088700000, 0x0000000088700000, 0x0000000088800000|  0%| F|  |TAMS 0x0000000088700000, 0x0000000088700000| Untracked 
| 136|0x0000000088800000, 0x0000000088800000, 0x0000000088900000|  0%| F|  |TAMS 0x0000000088800000, 0x0000000088800000| Untracked 
| 137|0x0000000088900000, 0x0000000088900000, 0x0000000088a00000|  0%| F|  |TAMS 0x0000000088900000, 0x0000000088900000| Untracked 
| 138|0x0000000088a00000, 0x0000000088a00000, 0x0000000088b00000|  0%| F|  |TAMS 0x0000000088a00000, 0x0000000088a00000| Untracked 
| 139|0x0000000088b00000, 0x0000000088b00000, 0x0000000088c00000|  0%| F|  |TAMS 0x0000000088b00000, 0x0000000088b00000| Untracked 
| 140|0x0000000088c00000, 0x0000000088c00000, 0x0000000088d00000|  0%| F|  |TAMS 0x0000000088c00000, 0x0000000088c00000| Untracked 
| 141|0x0000000088d00000, 0x0000000088d00000, 0x0000000088e00000|  0%| F|  |TAMS 0x0000000088d00000, 0x0000000088d00000| Untracked 
| 142|0x0000000088e00000, 0x0000000088e00000, 0x0000000088f00000|  0%| F|  |TAMS 0x0000000088e00000, 0x0000000088e00000| Untracked 
| 143|0x0000000088f00000, 0x0000000088f00000, 0x0000000089000000|  0%| F|  |TAMS 0x0000000088f00000, 0x0000000088f00000| Untracked 
| 144|0x0000000089000000, 0x0000000089000000, 0x0000000089100000|  0%| F|  |TAMS 0x0000000089000000, 0x0000000089000000| Untracked 
| 145|0x0000000089100000, 0x0000000089100000, 0x0000000089200000|  0%| F|  |TAMS 0x0000000089100000, 0x0000000089100000| Untracked 
| 146|0x0000000089200000, 0x0000000089200000, 0x0000000089300000|  0%| F|  |TAMS 0x0000000089200000, 0x0000000089200000| Untracked 
| 147|0x0000000089300000, 0x0000000089300000, 0x0000000089400000|  0%| F|  |TAMS 0x0000000089300000, 0x0000000089300000| Untracked 
| 148|0x0000000089400000, 0x0000000089400000, 0x0000000089500000|  0%| F|  |TAMS 0x0000000089400000, 0x0000000089400000| Untracked 
| 149|0x0000000089500000, 0x0000000089500000, 0x0000000089600000|  0%| F|  |TAMS 0x0000000089500000, 0x0000000089500000| Untracked 
| 150|0x0000000089600000, 0x0000000089600000, 0x0000000089700000|  0%| F|  |TAMS 0x0000000089600000, 0x0000000089600000| Untracked 
| 151|0x0000000089700000, 0x0000000089700000, 0x0000000089800000|  0%| F|  |TAMS 0x0000000089700000, 0x0000000089700000| Untracked 
| 152|0x0000000089800000, 0x0000000089800000, 0x0000000089900000|  0%| F|  |TAMS 0x0000000089800000, 0x0000000089800000| Untracked 
| 153|0x0000000089900000, 0x0000000089900000, 0x0000000089a00000|  0%| F|  |TAMS 0x0000000089900000, 0x0000000089900000| Untracked 
| 154|0x0000000089a00000, 0x0000000089b00000, 0x0000000089b00000|100%| S|CS|TAMS 0x0000000089a00000, 0x0000000089a00000| Complete 
| 155|0x0000000089b00000, 0x0000000089c00000, 0x0000000089c00000|100%| S|CS|TAMS 0x0000000089b00000, 0x0000000089b00000| Complete 
| 156|0x0000000089c00000, 0x0000000089d00000, 0x0000000089d00000|100%| S|CS|TAMS 0x0000000089c00000, 0x0000000089c00000| Complete 
| 157|0x0000000089d00000, 0x0000000089d00000, 0x0000000089e00000|  0%| F|  |TAMS 0x0000000089d00000, 0x0000000089d00000| Untracked 
| 158|0x0000000089e00000, 0x0000000089e00000, 0x0000000089f00000|  0%| F|  |TAMS 0x0000000089e00000, 0x0000000089e00000| Untracked 
| 159|0x0000000089f00000, 0x0000000089f00000, 0x000000008a000000|  0%| F|  |TAMS 0x0000000089f00000, 0x0000000089f00000| Untracked 
| 160|0x000000008a000000, 0x000000008a000000, 0x000000008a100000|  0%| F|  |TAMS 0x000000008a000000, 0x000000008a000000| Untracked 
| 217|0x000000008d900000, 0x000000008d900000, 0x000000008da00000|  0%| F|  |TAMS 0x000000008d900000, 0x000000008d900000| Untracked 
| 218|0x000000008da00000, 0x000000008da00000, 0x000000008db00000|  0%| F|  |TAMS 0x000000008da00000, 0x000000008da00000| Untracked 
| 219|0x000000008db00000, 0x000000008db00000, 0x000000008dc00000|  0%| F|  |TAMS 0x000000008db00000, 0x000000008db00000| Untracked 
| 220|0x000000008dc00000, 0x000000008dc00000, 0x000000008dd00000|  0%| F|  |TAMS 0x000000008dc00000, 0x000000008dc00000| Untracked 
| 221|0x000000008dd00000, 0x000000008dd00000, 0x000000008de00000|  0%| F|  |TAMS 0x000000008dd00000, 0x000000008dd00000| Untracked 
| 222|0x000000008de00000, 0x000000008de00000, 0x000000008df00000|  0%| F|  |TAMS 0x000000008de00000, 0x000000008de00000| Untracked 
| 223|0x000000008df00000, 0x000000008df00000, 0x000000008e000000|  0%| F|  |TAMS 0x000000008df00000, 0x000000008df00000| Untracked 
| 224|0x000000008e000000, 0x000000008e000000, 0x000000008e100000|  0%| F|  |TAMS 0x000000008e000000, 0x000000008e000000| Untracked 
| 225|0x000000008e100000, 0x000000008e13c618, 0x000000008e200000| 23%| E|  |TAMS 0x000000008e100000, 0x000000008e100000| Complete 
| 226|0x000000008e200000, 0x000000008e300000, 0x000000008e300000|100%| E|CS|TAMS 0x000000008e200000, 0x000000008e200000| Complete 
| 227|0x000000008e300000, 0x000000008e400000, 0x000000008e400000|100%| E|  |TAMS 0x000000008e300000, 0x000000008e300000| Complete 
| 228|0x000000008e400000, 0x000000008e500000, 0x000000008e500000|100%| E|CS|TAMS 0x000000008e400000, 0x000000008e400000| Complete 
| 253|0x000000008fd00000, 0x000000008fe00000, 0x000000008fe00000|100%| E|CS|TAMS 0x000000008fd00000, 0x000000008fd00000| Complete 

Card table byte_map: [0x0000022e34430000,0x0000022e34830000] _byte_map_base: 0x0000022e34030000

Marking Bits (Prev, Next): (CMBitMap*) 0x0000022e1b35c920, (CMBitMap*) 0x0000022e1b35c8e0
 Prev Bits: [0x0000022e36c30000, 0x0000022e38c30000)
 Next Bits: [0x0000022e34c30000, 0x0000022e36c30000)

Polling page: 0x0000022e1b3b0000

Metaspace:

Usage:
  Non-class:     81.41 MB used.
      Class:     13.39 MB used.
       Both:     94.80 MB used.

Virtual space:
  Non-class space:      128.00 MB reserved,      82.00 MB ( 64%) committed,  2 nodes.
      Class space:      416.00 MB reserved,      13.88 MB (  3%) committed,  1 nodes.
             Both:      544.00 MB reserved,      95.88 MB ( 18%) committed. 

Chunk freelists:
   Non-Class:  13.88 MB
       Class:  2.13 MB
        Both:  16.01 MB

MaxMetaspaceSize: 512.00 MB
CompressedClassSpaceSize: 416.00 MB
Initial GC threshold: 21.00 MB
Current GC threshold: 127.75 MB
CDS: on
MetaspaceReclaimPolicy: balanced
 - commit_granule_bytes: 65536.
 - commit_granule_words: 8192.
 - virtual_space_node_default_size: 8388608.
 - enlarge_chunks_in_place: 1.
 - new_chunks_are_fully_committed: 0.
 - uncommit_free_chunks: 1.
 - use_allocation_guard: 0.
 - handle_deallocations: 1.


Internal statistics:

num_allocs_failed_limit: 9.
num_arena_births: 1438.
num_arena_deaths: 0.
num_vsnodes_births: 3.
num_vsnodes_deaths: 0.
num_space_committed: 1534.
num_space_uncommitted: 0.
num_chunks_returned_to_freelist: 9.
num_chunks_taken_from_freelist: 5780.
num_chunk_merges: 9.
num_chunk_splits: 3670.
num_chunks_enlarged: 2255.
num_inconsistent_stats: 0.

CodeHeap 'non-profiled nmethods': size=120000Kb used=8044Kb max_used=8467Kb free=111955Kb
 bounds [0x0000022e2c090000, 0x0000022e2c8e0000, 0x0000022e335c0000]
CodeHeap 'profiled nmethods': size=120000Kb used=22218Kb max_used=22956Kb free=97781Kb
 bounds [0x0000022e245c0000, 0x0000022e25c30000, 0x0000022e2baf0000]
CodeHeap 'non-nmethods': size=5760Kb used=2417Kb max_used=2492Kb free=3342Kb
 bounds [0x0000022e2baf0000, 0x0000022e2bd70000, 0x0000022e2c090000]
 total_blobs=12460 nmethods=11521 adapters=851
 compilation: enabled
              stopped_count=0, restarted_count=0
 full_count=0

Compilation events (20 events):
Event: 47.946 Thread 0x0000022e3b795cf0 13332       3       org.gradle.internal.file.impl.SingleDepthFileAccessTracker::markAccessed (79 bytes)
Event: 47.946 Thread 0x0000022e3b795cf0 nmethod 13332 0x0000022e25c2a190 code [0x0000022e25c2a3c0, 0x0000022e25c2abd8]
Event: 47.946 Thread 0x0000022e3b795cf0 13333       3       com.esotericsoftware.kryo.io.Output::writeByte (36 bytes)
Event: 47.947 Thread 0x0000022e3b795cf0 nmethod 13333 0x0000022e25c2ae10 code [0x0000022e25c2afc0, 0x0000022e25c2b1a8]
Event: 47.947 Thread 0x0000022e60d51a90 nmethod 13310 0x0000022e2c8d0890 code [0x0000022e2c8d0a40, 0x0000022e2c8d1158]
Event: 47.947 Thread 0x0000022e60d51a90 13313       4       org.gradle.internal.serialize.kryo.StringDeduplicatingKryoBackedEncoder::writeSmallLong (11 bytes)
Event: 47.948 Thread 0x0000022e60d51a90 nmethod 13313 0x0000022e2c8d1490 code [0x0000022e2c8d1620, 0x0000022e2c8d16e8]
Event: 47.948 Thread 0x0000022e60d51a90 13329       4       org.gradle.api.internal.attributes.DefaultImmutableAttributes::findEntry (30 bytes)
Event: 47.950 Thread 0x0000022e5c137800 nmethod 13292 0x0000022e2c8d1810 code [0x0000022e2c8d1ac0, 0x0000022e2c8d3020]
Event: 47.954 Thread 0x0000022e3b795cf0 13334       3       java.util.Optional::orElseThrow (22 bytes)
Event: 47.954 Thread 0x0000022e60d51a90 nmethod 13329 0x0000022e2c8d4010 code [0x0000022e2c8d41c0, 0x0000022e2c8d45d8]
Event: 47.954 Thread 0x0000022e3b795cf0 nmethod 13334 0x0000022e245d4210 code [0x0000022e245d43c0, 0x0000022e245d46c8]
Event: 47.960 Thread 0x0000022e3b795cf0 13335       3       org.gradle.api.internal.artifacts.ivyservice.modulecache.artifacts.DefaultCachedArtifact::isMissing (13 bytes)
Event: 47.960 Thread 0x0000022e3b795cf0 nmethod 13335 0x0000022e2497f690 code [0x0000022e2497f820, 0x0000022e2497f998]
Event: 47.965 Thread 0x0000022e3b795cf0 13336       3       org.gradle.cache.internal.btree.KeyHasher$MessageDigestStream::getChecksum (41 bytes)
Event: 47.965 Thread 0x0000022e3b795cf0 nmethod 13336 0x0000022e2486a090 code [0x0000022e2486a280, 0x0000022e2486a788]
Event: 47.968 Thread 0x0000022e3b795cf0 13337   !   3       java.util.concurrent.locks.AbstractQueuedSynchronizer::acquire (407 bytes)
Event: 47.969 Thread 0x0000022e3b795cf0 nmethod 13337 0x0000022e25c2b290 code [0x0000022e25c2b620, 0x0000022e25c2d1a8]
Event: 47.970 Thread 0x0000022e5c137800 13338       4       org.gradle.internal.resolve.result.DefaultBuildableTypedResolveResult::resolved (11 bytes)
Event: 47.972 Thread 0x0000022e5c137800 nmethod 13338 0x0000022e2c8d4910 code [0x0000022e2c8d4a80, 0x0000022e2c8d4c18]

GC Heap History (20 events):
Event: 44.190 GC heap before
{Heap before GC invocations=31 (full 0):
 garbage-first heap   total 178176K, used 147675K [0x0000000080000000, 0x0000000100000000)
  region size 1024K, 44 young (45056K), 5 survivors (5120K)
 Metaspace       used 83427K, committed 84352K, reserved 557056K
  class space    used 11635K, committed 12096K, reserved 425984K
}
Event: 44.194 GC heap after
{Heap after GC invocations=32 (full 0):
 garbage-first heap   total 178176K, used 109316K [0x0000000080000000, 0x0000000100000000)
  region size 1024K, 2 young (2048K), 2 survivors (2048K)
 Metaspace       used 83427K, committed 84352K, reserved 557056K
  class space    used 11635K, committed 12096K, reserved 425984K
}
Event: 44.563 GC heap before
{Heap before GC invocations=32 (full 0):
 garbage-first heap   total 178176K, used 149252K [0x0000000080000000, 0x0000000100000000)
  region size 1024K, 41 young (41984K), 2 survivors (2048K)
 Metaspace       used 85078K, committed 86016K, reserved 557056K
  class space    used 11870K, committed 12288K, reserved 425984K
}
Event: 44.567 GC heap after
{Heap after GC invocations=33 (full 0):
 garbage-first heap   total 178176K, used 112131K [0x0000000080000000, 0x0000000100000000)
  region size 1024K, 5 young (5120K), 5 survivors (5120K)
 Metaspace       used 85078K, committed 86016K, reserved 557056K
  class space    used 11870K, committed 12288K, reserved 425984K
}
Event: 45.092 GC heap before
{Heap before GC invocations=33 (full 0):
 garbage-first heap   total 178176K, used 148995K [0x0000000080000000, 0x0000000100000000)
  region size 1024K, 41 young (41984K), 5 survivors (5120K)
 Metaspace       used 86421K, committed 87360K, reserved 557056K
  class space    used 12052K, committed 12480K, reserved 425984K
}
Event: 45.097 GC heap after
{Heap after GC invocations=34 (full 0):
 garbage-first heap   total 178176K, used 114879K [0x0000000080000000, 0x0000000100000000)
  region size 1024K, 6 young (6144K), 6 survivors (6144K)
 Metaspace       used 86421K, committed 87360K, reserved 557056K
  class space    used 12052K, committed 12480K, reserved 425984K
}
Event: 45.601 GC heap before
{Heap before GC invocations=34 (full 0):
 garbage-first heap   total 178176K, used 150719K [0x0000000080000000, 0x0000000100000000)
  region size 1024K, 40 young (40960K), 6 survivors (6144K)
 Metaspace       used 88430K, committed 89408K, reserved 557056K
  class space    used 12355K, committed 12800K, reserved 425984K
}
Event: 45.606 GC heap after
{Heap after GC invocations=35 (full 0):
 garbage-first heap   total 178176K, used 116140K [0x0000000080000000, 0x0000000100000000)
  region size 1024K, 2 young (2048K), 2 survivors (2048K)
 Metaspace       used 88430K, committed 89408K, reserved 557056K
  class space    used 12355K, committed 12800K, reserved 425984K
}
Event: 46.035 GC heap before
{Heap before GC invocations=35 (full 0):
 garbage-first heap   total 178176K, used 151980K [0x0000000080000000, 0x0000000100000000)
  region size 1024K, 37 young (37888K), 2 survivors (2048K)
 Metaspace       used 90681K, committed 91648K, reserved 557056K
  class space    used 12826K, committed 13312K, reserved 425984K
}
Event: 46.038 GC heap after
{Heap after GC invocations=36 (full 0):
 garbage-first heap   total 178176K, used 116697K [0x0000000080000000, 0x0000000100000000)
  region size 1024K, 3 young (3072K), 3 survivors (3072K)
 Metaspace       used 90681K, committed 91648K, reserved 557056K
  class space    used 12826K, committed 13312K, reserved 425984K
}
Event: 46.484 GC heap before
{Heap before GC invocations=36 (full 0):
 garbage-first heap   total 178176K, used 151513K [0x0000000080000000, 0x0000000100000000)
  region size 1024K, 37 young (37888K), 3 survivors (3072K)
 Metaspace       used 92895K, committed 93888K, reserved 557056K
  class space    used 13133K, committed 13632K, reserved 425984K
}
Event: 46.488 GC heap after
{Heap after GC invocations=37 (full 0):
 garbage-first heap   total 178176K, used 118055K [0x0000000080000000, 0x0000000100000000)
  region size 1024K, 4 young (4096K), 4 survivors (4096K)
 Metaspace       used 92895K, committed 93888K, reserved 557056K
  class space    used 13133K, committed 13632K, reserved 425984K
}
Event: 46.837 GC heap before
{Heap before GC invocations=37 (full 0):
 garbage-first heap   total 178176K, used 152871K [0x0000000080000000, 0x0000000100000000)
  region size 1024K, 38 young (38912K), 4 survivors (4096K)
 Metaspace       used 93811K, committed 94848K, reserved 557056K
  class space    used 13270K, committed 13760K, reserved 425984K
}
Event: 46.844 GC heap after
{Heap after GC invocations=38 (full 0):
 garbage-first heap   total 178176K, used 121494K [0x0000000080000000, 0x0000000100000000)
  region size 1024K, 5 young (5120K), 5 survivors (5120K)
 Metaspace       used 93811K, committed 94848K, reserved 557056K
  class space    used 13270K, committed 13760K, reserved 425984K
}
Event: 47.007 GC heap before
{Heap before GC invocations=38 (full 0):
 garbage-first heap   total 178176K, used 152214K [0x0000000080000000, 0x0000000100000000)
  region size 1024K, 35 young (35840K), 5 survivors (5120K)
 Metaspace       used 94068K, committed 95168K, reserved 557056K
  class space    used 13313K, committed 13824K, reserved 425984K
}
Event: 47.011 GC heap after
{Heap after GC invocations=39 (full 0):
 garbage-first heap   total 178176K, used 123512K [0x0000000080000000, 0x0000000100000000)
  region size 1024K, 3 young (3072K), 3 survivors (3072K)
 Metaspace       used 94068K, committed 95168K, reserved 557056K
  class space    used 13313K, committed 13824K, reserved 425984K
}
Event: 47.407 GC heap before
{Heap before GC invocations=39 (full 0):
 garbage-first heap   total 178176K, used 152184K [0x0000000080000000, 0x0000000100000000)
  region size 1024K, 31 young (31744K), 3 survivors (3072K)
 Metaspace       used 96041K, committed 97216K, reserved 557056K
  class space    used 13548K, committed 14080K, reserved 425984K
}
Event: 47.412 GC heap after
{Heap after GC invocations=40 (full 0):
 garbage-first heap   total 178176K, used 126914K [0x0000000080000000, 0x0000000100000000)
  region size 1024K, 4 young (4096K), 4 survivors (4096K)
 Metaspace       used 96041K, committed 97216K, reserved 557056K
  class space    used 13548K, committed 14080K, reserved 425984K
}
Event: 47.790 GC heap before
{Heap before GC invocations=40 (full 0):
 garbage-first heap   total 178176K, used 151490K [0x0000000080000000, 0x0000000100000000)
  region size 1024K, 29 young (29696K), 4 survivors (4096K)
 Metaspace       used 96928K, committed 98048K, reserved 557056K
  class space    used 13708K, committed 14208K, reserved 425984K
}
Event: 47.795 GC heap after
{Heap after GC invocations=41 (full 0):
 garbage-first heap   total 178176K, used 132845K [0x0000000080000000, 0x0000000100000000)
  region size 1024K, 4 young (4096K), 4 survivors (4096K)
 Metaspace       used 96928K, committed 98048K, reserved 557056K
  class space    used 13708K, committed 14208K, reserved 425984K
}

Dll operation events (14 events):
Event: 0.024 Loaded shared library C:\Program Files\Microsoft\jdk-17.0.8.7-hotspot\bin\java.dll
Event: 0.050 Loaded shared library C:\Program Files\Microsoft\jdk-17.0.8.7-hotspot\bin\jsvml.dll
Event: 0.118 Loaded shared library C:\Program Files\Microsoft\jdk-17.0.8.7-hotspot\bin\zip.dll
Event: 0.124 Loaded shared library C:\Program Files\Microsoft\jdk-17.0.8.7-hotspot\bin\instrument.dll
Event: 0.131 Loaded shared library C:\Program Files\Microsoft\jdk-17.0.8.7-hotspot\bin\net.dll
Event: 0.134 Loaded shared library C:\Program Files\Microsoft\jdk-17.0.8.7-hotspot\bin\nio.dll
Event: 0.140 Loaded shared library C:\Program Files\Microsoft\jdk-17.0.8.7-hotspot\bin\zip.dll
Event: 0.717 Loaded shared library C:\Program Files\Microsoft\jdk-17.0.8.7-hotspot\bin\jimage.dll
Event: 1.012 Loaded shared library C:\Program Files\Microsoft\jdk-17.0.8.7-hotspot\bin\verify.dll
Event: 1.346 Loaded shared library C:\Users\bryan\.gradle\native\c067742578af261105cb4f569cf0c3c89f3d7b1fecec35dd04571415982c5e48\windows-amd64\native-platform.dll
Event: 1.364 Loaded shared library C:\Users\bryan\.gradle\native\100fb08df4bc3b14c8652ba06237920a3bd2aa13389f12d3474272988ae205f9\windows-amd64\native-platform-file-events.dll
Event: 3.127 Loaded shared library C:\Program Files\Microsoft\jdk-17.0.8.7-hotspot\bin\management.dll
Event: 3.131 Loaded shared library C:\Program Files\Microsoft\jdk-17.0.8.7-hotspot\bin\management_ext.dll
Event: 4.444 Loaded shared library C:\Program Files\Microsoft\jdk-17.0.8.7-hotspot\bin\sunmscapi.dll

Deoptimization events (20 events):
Event: 47.907 Thread 0x0000022e5ca5c740 Uncommon trap: trap_request=0xffffffbe fr.pc=0x0000022e2c6200a4 relative=0x0000000000000264
Event: 47.907 Thread 0x0000022e5ca5c740 Uncommon trap: reason=profile_predicate action=maybe_recompile pc=0x0000022e2c6200a4 method=java.util.Collections.indexedBinarySearch(Ljava/util/List;Ljava/lang/Object;Ljava/util/Comparator;)I @ 15 c2
Event: 47.907 Thread 0x0000022e5ca5c740 DEOPT PACKING pc=0x0000022e2c6200a4 sp=0x000000ae245f84c0
Event: 47.907 Thread 0x0000022e5ca5c740 DEOPT UNPACKING pc=0x0000022e2bb4a1a3 sp=0x000000ae245f83e0 mode 2
Event: 47.926 Thread 0x0000022e5ca5c740 Uncommon trap: trap_request=0xffffffbe fr.pc=0x0000022e2c6200a4 relative=0x0000000000000264
Event: 47.926 Thread 0x0000022e5ca5c740 Uncommon trap: reason=profile_predicate action=maybe_recompile pc=0x0000022e2c6200a4 method=java.util.Collections.indexedBinarySearch(Ljava/util/List;Ljava/lang/Object;Ljava/util/Comparator;)I @ 15 c2
Event: 47.926 Thread 0x0000022e5ca5c740 DEOPT PACKING pc=0x0000022e2c6200a4 sp=0x000000ae245f84c0
Event: 47.926 Thread 0x0000022e5ca5c740 DEOPT UNPACKING pc=0x0000022e2bb4a1a3 sp=0x000000ae245f83e0 mode 2
Event: 47.932 Thread 0x0000022e5ca5c740 Uncommon trap: trap_request=0xffffff45 fr.pc=0x0000022e2c5e1fdc relative=0x00000000000003fc
Event: 47.932 Thread 0x0000022e5ca5c740 Uncommon trap: reason=unstable_if action=reinterpret pc=0x0000022e2c5e1fdc method=com.esotericsoftware.kryo.io.Output.writeString(Ljava/lang/String;)V @ 93 c2
Event: 47.932 Thread 0x0000022e5ca5c740 DEOPT PACKING pc=0x0000022e2c5e1fdc sp=0x000000ae245f8500
Event: 47.932 Thread 0x0000022e5ca5c740 DEOPT UNPACKING pc=0x0000022e2bb4a1a3 sp=0x000000ae245f8498 mode 2
Event: 47.956 Thread 0x0000022e5e61e560 Uncommon trap: trap_request=0xffffff45 fr.pc=0x0000022e2c60ce90 relative=0x0000000000001f30
Event: 47.956 Thread 0x0000022e5e61e560 Uncommon trap: reason=unstable_if action=reinterpret pc=0x0000022e2c60ce90 method=java.util.concurrent.locks.ReentrantLock$NonfairSync.tryAcquire(I)Z @ 13 c2
Event: 47.956 Thread 0x0000022e5e61e560 DEOPT PACKING pc=0x0000022e2c60ce90 sp=0x000000ae28efdbe0
Event: 47.956 Thread 0x0000022e5e61e560 DEOPT UNPACKING pc=0x0000022e2bb4a1a3 sp=0x000000ae28efdb28 mode 2
Event: 47.956 Thread 0x0000022e5ca5d160 Uncommon trap: trap_request=0xffffff45 fr.pc=0x0000022e2c64384c relative=0x00000000000010ac
Event: 47.956 Thread 0x0000022e5ca5d160 Uncommon trap: reason=unstable_if action=reinterpret pc=0x0000022e2c64384c method=java.math.BigInteger.makePositive([BII)[I @ 40 c2
Event: 47.956 Thread 0x0000022e5ca5d160 DEOPT PACKING pc=0x0000022e2c64384c sp=0x000000ae248fe840
Event: 47.956 Thread 0x0000022e5ca5d160 DEOPT UNPACKING pc=0x0000022e2bb4a1a3 sp=0x000000ae248fe690 mode 2

Classes unloaded (0 events):
No events

Classes redefined (0 events):
No events

Internal exceptions (20 events):
Event: 47.273 Thread 0x0000022e5ca5c740 Exception <a 'java/lang/ClassNotFoundException'{0x0000000089984ff0}: com/android/build/gradle/LibraryExtensionCustomizer> (0x0000000089984ff0) 
thrown [s\src\hotspot\share\classfile\systemDictionary.cpp, line 256]
Event: 47.277 Thread 0x0000022e5ca5c740 Exception <a 'java/lang/ClassNotFoundException'{0x0000000089864c08}: com/android/build/gradle/LibraryExtension_DecoratedCustomizer> (0x0000000089864c08) 
thrown [s\src\hotspot\share\classfile\systemDictionary.cpp, line 256]
Event: 47.302 Thread 0x0000022e5ca5c740 Exception <a 'java/lang/ClassNotFoundException'{0x0000000089642900}: com/android/build/gradle/internal/dsl/NdkOptions_DecoratedBeanInfo> (0x0000000089642900) 
thrown [s\src\hotspot\share\classfile\systemDictionary.cpp, line 256]
Event: 47.303 Thread 0x0000022e5ca5c740 Exception <a 'java/lang/ClassNotFoundException'{0x0000000089653d30}: com/android/build/gradle/internal/dsl/NdkOptionsBeanInfo> (0x0000000089653d30) 
thrown [s\src\hotspot\share\classfile\systemDictionary.cpp, line 256]
Event: 47.304 Thread 0x0000022e5ca5c740 Exception <a 'java/lang/ClassNotFoundException'{0x0000000089665180}: com/android/build/gradle/internal/dsl/NdkOptionsCustomizer> (0x0000000089665180) 
thrown [s\src\hotspot\share\classfile\systemDictionary.cpp, line 256]
Event: 47.305 Thread 0x0000022e5ca5c740 Exception <a 'java/lang/ClassNotFoundException'{0x000000008968a478}: com/android/build/gradle/internal/dsl/NdkOptions_DecoratedCustomizer> (0x000000008968a478) 
thrown [s\src\hotspot\share\classfile\systemDictionary.cpp, line 256]
Event: 47.316 Thread 0x0000022e5ca5c740 Exception <a 'java/lang/ClassNotFoundException'{0x00000000895bb5a8}: org/gradle/api/internal/file/collections/DefaultConfigurableFileTreeBeanInfo> (0x00000000895bb5a8) 
thrown [s\src\hotspot\share\classfile\systemDictionary.cpp, line 256]
Event: 47.317 Thread 0x0000022e5ca5c740 Exception <a 'java/lang/ClassNotFoundException'{0x00000000895d1760}: org/gradle/api/internal/file/CompositeFileTreeBeanInfo> (0x00000000895d1760) 
thrown [s\src\hotspot\share\classfile\systemDictionary.cpp, line 256]
Event: 47.317 Thread 0x0000022e5ca5c740 Exception <a 'java/lang/ClassNotFoundException'{0x00000000895e7a50}: org/gradle/api/internal/file/CompositeFileTreeCustomizer> (0x00000000895e7a50) 
thrown [s\src\hotspot\share\classfile\systemDictionary.cpp, line 256]
Event: 47.318 Thread 0x0000022e5ca5c740 Exception <a 'java/lang/ClassNotFoundException'{0x000000008940a7c0}: org/gradle/api/internal/file/collections/DefaultConfigurableFileTreeCustomizer> (0x000000008940a7c0) 
thrown [s\src\hotspot\share\classfile\systemDictionary.cpp, line 256]
Event: 47.563 Thread 0x0000022e5ca5c740 Exception <a 'java/lang/ClassNotFoundException'{0x000000008db56f88}: com/android/build/gradle/internal/api/LibraryVariantOutputImpl_DecoratedBeanInfo> (0x000000008db56f88) 
thrown [s\src\hotspot\share\classfile\systemDictionary.cpp, line 256]
Event: 47.564 Thread 0x0000022e5ca5c740 Exception <a 'java/lang/ClassNotFoundException'{0x000000008db64718}: com/android/build/gradle/internal/api/LibraryVariantOutputImplBeanInfo> (0x000000008db64718) 
thrown [s\src\hotspot\share\classfile\systemDictionary.cpp, line 256]
Event: 47.564 Thread 0x0000022e5ca5c740 Exception <a 'java/lang/ClassNotFoundException'{0x000000008db71c78}: com/android/build/gradle/internal/api/LibraryVariantOutputImplCustomizer> (0x000000008db71c78) 
thrown [s\src\hotspot\share\classfile\systemDictionary.cpp, line 256]
Event: 47.565 Thread 0x0000022e5ca5c740 Exception <a 'java/lang/ClassNotFoundException'{0x000000008db88470}: com/android/build/gradle/internal/api/LibraryVariantOutputImpl_DecoratedCustomizer> (0x000000008db88470) 
thrown [s\src\hotspot\share\classfile\systemDictionary.cpp, line 256]
Event: 47.594 Thread 0x0000022e5ca5c740 Exception <a 'java/lang/ClassNotFoundException'{0x000000008d92bfe8}: build_e3ew5ks8jeutzaxhrubkaagfBeanInfo> (0x000000008d92bfe8) 
thrown [s\src\hotspot\share\classfile\systemDictionary.cpp, line 256]
Event: 47.595 Thread 0x0000022e5ca5c740 Exception <a 'java/lang/ClassNotFoundException'{0x000000008d9332b0}: build_e3ew5ks8jeutzaxhrubkaagfCustomizer> (0x000000008d9332b0) 
thrown [s\src\hotspot\share\classfile\systemDictionary.cpp, line 256]
Event: 47.668 Thread 0x0000022e5ca5c740 Exception <a 'java/lang/ClassNotFoundException'{0x0000000089cbeb70}: build_1x55zmqo0q45fnyu9vms18uujBeanInfo> (0x0000000089cbeb70) 
thrown [s\src\hotspot\share\classfile\systemDictionary.cpp, line 256]
Event: 47.669 Thread 0x0000022e5ca5c740 Exception <a 'java/lang/ClassNotFoundException'{0x0000000089cc5e58}: build_1x55zmqo0q45fnyu9vms18uujCustomizer> (0x0000000089cc5e58) 
thrown [s\src\hotspot\share\classfile\systemDictionary.cpp, line 256]
Event: 47.734 Thread 0x0000022e5ca5c740 Exception <a 'java/lang/ClassNotFoundException'{0x0000000089600160}: build_6nd7psuebc7wgtmzwtgqlimpvBeanInfo> (0x0000000089600160) 
thrown [s\src\hotspot\share\classfile\systemDictionary.cpp, line 256]
Event: 47.734 Thread 0x0000022e5ca5c740 Exception <a 'java/lang/ClassNotFoundException'{0x0000000089607718}: build_6nd7psuebc7wgtmzwtgqlimpvCustomizer> (0x0000000089607718) 
thrown [s\src\hotspot\share\classfile\systemDictionary.cpp, line 256]

VM Operations (20 events):
Event: 46.484 Executing VM operation: G1CollectForAllocation
Event: 46.488 Executing VM operation: G1CollectForAllocation done
Event: 46.837 Executing VM operation: G1CollectForAllocation
Event: 46.844 Executing VM operation: G1CollectForAllocation done
Event: 46.928 Executing VM operation: HandshakeAllThreads
Event: 46.929 Executing VM operation: HandshakeAllThreads done
Event: 47.007 Executing VM operation: G1CollectForAllocation
Event: 47.012 Executing VM operation: G1CollectForAllocation done
Event: 47.340 Executing VM operation: HandshakeAllThreads
Event: 47.341 Executing VM operation: HandshakeAllThreads done
Event: 47.407 Executing VM operation: G1CollectForAllocation
Event: 47.412 Executing VM operation: G1CollectForAllocation done
Event: 47.743 Executing VM operation: ICBufferFull
Event: 47.743 Executing VM operation: ICBufferFull done
Event: 47.790 Executing VM operation: G1CollectForAllocation
Event: 47.795 Executing VM operation: G1CollectForAllocation done
Event: 47.947 Executing VM operation: HandshakeAllThreads
Event: 47.948 Executing VM operation: HandshakeAllThreads done
Event: 47.972 Executing VM operation: HandshakeAllThreads
Event: 47.972 Executing VM operation: HandshakeAllThreads done

Events (20 events):
Event: 47.973 Thread 0x0000022e3b7b05e0 flushing nmethod 0x0000022e2c2c6910
Event: 47.973 Thread 0x0000022e3b7b05e0 flushing nmethod 0x0000022e2c2c8f10
Event: 47.973 Thread 0x0000022e3b7b05e0 flushing nmethod 0x0000022e2c2cdc90
Event: 47.973 Thread 0x0000022e3b7b05e0 flushing nmethod 0x0000022e2c2d7e90
Event: 47.973 Thread 0x0000022e3b7b05e0 flushing nmethod 0x0000022e2c2f0510
Event: 47.973 Thread 0x0000022e3b7b05e0 flushing nmethod 0x0000022e2c2fa910
Event: 47.973 Thread 0x0000022e3b7b05e0 flushing nmethod 0x0000022e2c345390
Event: 47.973 Thread 0x0000022e3b7b05e0 flushing nmethod 0x0000022e2c360190
Event: 47.973 Thread 0x0000022e3b7b05e0 flushing nmethod 0x0000022e2c36d610
Event: 47.973 Thread 0x0000022e3b7b05e0 flushing nmethod 0x0000022e2c37e890
Event: 47.973 Thread 0x0000022e3b7b05e0 flushing nmethod 0x0000022e2c388b90
Event: 47.973 Thread 0x0000022e3b7b05e0 flushing nmethod 0x0000022e2c397590
Event: 47.973 Thread 0x0000022e3b7b05e0 flushing nmethod 0x0000022e2c398b90
Event: 47.973 Thread 0x0000022e3b7b05e0 flushing nmethod 0x0000022e2c39a610
Event: 47.973 Thread 0x0000022e3b7b05e0 flushing nmethod 0x0000022e2c3c3e10
Event: 47.973 Thread 0x0000022e3b7b05e0 flushing nmethod 0x0000022e2c3e6c90
Event: 47.973 Thread 0x0000022e3b7b05e0 flushing nmethod 0x0000022e2c3f4e90
Event: 47.973 Thread 0x0000022e3b7b05e0 flushing nmethod 0x0000022e2c421510
Event: 47.973 Thread 0x0000022e3b7b05e0 flushing nmethod 0x0000022e2c445090
Event: 47.973 Thread 0x0000022e3b7b05e0 flushing nmethod 0x0000022e2c481090


Dynamic libraries:
0x00007ff61f820000 - 0x00007ff61f82e000 	C:\Program Files\Microsoft\jdk-17.0.8.7-hotspot\bin\java.exe
0x00007ff9080d0000 - 0x00007ff9082e7000 	C:\WINDOWS\SYSTEM32\ntdll.dll
0x00007ff9070d0000 - 0x00007ff907194000 	C:\WINDOWS\System32\KERNEL32.DLL
0x00007ff905420000 - 0x00007ff9057cd000 	C:\WINDOWS\System32\KERNELBASE.dll
0x00007ff905840000 - 0x00007ff905951000 	C:\WINDOWS\System32\ucrtbase.dll
0x00007ff8aa7d0000 - 0x00007ff8aa7eb000 	C:\Program Files\Microsoft\jdk-17.0.8.7-hotspot\bin\VCRUNTIME140.dll
0x00007ff8d5fd0000 - 0x00007ff8d5fe7000 	C:\Program Files\Microsoft\jdk-17.0.8.7-hotspot\bin\jli.dll
0x00007ff906320000 - 0x00007ff9064ce000 	C:\WINDOWS\System32\USER32.dll
0x00007ff9053f0000 - 0x00007ff905416000 	C:\WINDOWS\System32\win32u.dll
0x00007ff9070a0000 - 0x00007ff9070c9000 	C:\WINDOWS\System32\GDI32.dll
0x00007ff905c20000 - 0x00007ff905d39000 	C:\WINDOWS\System32\gdi32full.dll
0x00007ff8ebf40000 - 0x00007ff8ec1d3000 	C:\WINDOWS\WinSxS\amd64_microsoft.windows.common-controls_6595b64144ccf1df_6.0.22621.3672_none_2713b9d173822955\COMCTL32.dll
0x00007ff905b50000 - 0x00007ff905bea000 	C:\WINDOWS\System32\msvcp_win.dll
0x00007ff907550000 - 0x00007ff9075f7000 	C:\WINDOWS\System32\msvcrt.dll
0x00007ff907510000 - 0x00007ff907541000 	C:\WINDOWS\System32\IMM32.DLL
0x00007ff8e73d0000 - 0x00007ff8e73dc000 	C:\Program Files\Microsoft\jdk-17.0.8.7-hotspot\bin\vcruntime140_1.dll
0x00007ff899d80000 - 0x00007ff899e0d000 	C:\Program Files\Microsoft\jdk-17.0.8.7-hotspot\bin\msvcp140.dll
0x00007ff87ff00000 - 0x00007ff880b65000 	C:\Program Files\Microsoft\jdk-17.0.8.7-hotspot\bin\server\jvm.dll
0x00007ff907240000 - 0x00007ff9072f2000 	C:\WINDOWS\System32\ADVAPI32.dll
0x00007ff906210000 - 0x00007ff9062b9000 	C:\WINDOWS\System32\sechost.dll
0x00007ff905bf0000 - 0x00007ff905c18000 	C:\WINDOWS\System32\bcrypt.dll
0x00007ff906000000 - 0x00007ff906114000 	C:\WINDOWS\System32\RPCRT4.dll
0x00007ff904280000 - 0x00007ff9042cd000 	C:\WINDOWS\SYSTEM32\POWRPROF.dll
0x00007ff8e67f0000 - 0x00007ff8e67f9000 	C:\WINDOWS\SYSTEM32\WSOCK32.dll
0x00007ff907000000 - 0x00007ff907071000 	C:\WINDOWS\System32\WS2_32.dll
0x00007ff8ffe70000 - 0x00007ff8ffea4000 	C:\WINDOWS\SYSTEM32\WINMM.dll
0x00007ff8fd8d0000 - 0x00007ff8fd8da000 	C:\WINDOWS\SYSTEM32\VERSION.dll
0x00007ff904260000 - 0x00007ff904273000 	C:\WINDOWS\SYSTEM32\UMPDC.dll
0x00007ff904510000 - 0x00007ff904528000 	C:\WINDOWS\SYSTEM32\kernel.appcore.dll
0x00007ff8e59f0000 - 0x00007ff8e59fa000 	C:\Program Files\Microsoft\jdk-17.0.8.7-hotspot\bin\jimage.dll
0x00007ff902de0000 - 0x00007ff903012000 	C:\WINDOWS\SYSTEM32\DBGHELP.DLL
0x00007ff9064d0000 - 0x00007ff90685d000 	C:\WINDOWS\System32\combase.dll
0x00007ff906120000 - 0x00007ff9061f7000 	C:\WINDOWS\System32\OLEAUT32.dll
0x00007ff8fd000000 - 0x00007ff8fd032000 	C:\WINDOWS\SYSTEM32\dbgcore.DLL
0x00007ff905ad0000 - 0x00007ff905b4b000 	C:\WINDOWS\System32\bcryptPrimitives.dll
0x00007ff8defb0000 - 0x00007ff8defbe000 	C:\Program Files\Microsoft\jdk-17.0.8.7-hotspot\bin\instrument.dll
0x00007ff8a2380000 - 0x00007ff8a23a5000 	C:\Program Files\Microsoft\jdk-17.0.8.7-hotspot\bin\java.dll
0x00007ff899ca0000 - 0x00007ff899d77000 	C:\Program Files\Microsoft\jdk-17.0.8.7-hotspot\bin\jsvml.dll
0x00007ff9077b0000 - 0x00007ff908018000 	C:\WINDOWS\System32\SHELL32.dll
0x00007ff903350000 - 0x00007ff903c4e000 	C:\WINDOWS\SYSTEM32\windows.storage.dll
0x00007ff903210000 - 0x00007ff90334f000 	C:\WINDOWS\SYSTEM32\wintypes.dll
0x00007ff907600000 - 0x00007ff9076f9000 	C:\WINDOWS\System32\SHCORE.dll
0x00007ff906a20000 - 0x00007ff906a7e000 	C:\WINDOWS\System32\shlwapi.dll
0x00007ff905320000 - 0x00007ff905341000 	C:\WINDOWS\SYSTEM32\profapi.dll
0x00007ff8a0940000 - 0x00007ff8a0958000 	C:\Program Files\Microsoft\jdk-17.0.8.7-hotspot\bin\zip.dll
0x00007ff8aa6b0000 - 0x00007ff8aa6c9000 	C:\Program Files\Microsoft\jdk-17.0.8.7-hotspot\bin\net.dll
0x00007ff900ff0000 - 0x00007ff901126000 	C:\WINDOWS\SYSTEM32\WINHTTP.dll
0x00007ff904980000 - 0x00007ff9049e9000 	C:\WINDOWS\system32\mswsock.dll
0x00007ff8a26b0000 - 0x00007ff8a26c6000 	C:\Program Files\Microsoft\jdk-17.0.8.7-hotspot\bin\nio.dll
0x00007ff8e59a0000 - 0x00007ff8e59b0000 	C:\Program Files\Microsoft\jdk-17.0.8.7-hotspot\bin\verify.dll
0x00007ff89d240000 - 0x00007ff89d267000 	C:\Users\bryan\.gradle\native\c067742578af261105cb4f569cf0c3c89f3d7b1fecec35dd04571415982c5e48\windows-amd64\native-platform.dll
0x00007ff87fdb0000 - 0x00007ff87fef4000 	C:\Users\bryan\.gradle\native\100fb08df4bc3b14c8652ba06237920a3bd2aa13389f12d3474272988ae205f9\windows-amd64\native-platform-file-events.dll
0x00007ff8e5810000 - 0x00007ff8e5819000 	C:\Program Files\Microsoft\jdk-17.0.8.7-hotspot\bin\management.dll
0x00007ff8e57d0000 - 0x00007ff8e57db000 	C:\Program Files\Microsoft\jdk-17.0.8.7-hotspot\bin\management_ext.dll
0x00007ff908020000 - 0x00007ff908028000 	C:\WINDOWS\System32\PSAPI.DLL
0x00007ff904be0000 - 0x00007ff904bfb000 	C:\WINDOWS\SYSTEM32\CRYPTSP.dll
0x00007ff904470000 - 0x00007ff9044a5000 	C:\WINDOWS\system32\rsaenh.dll
0x00007ff904a80000 - 0x00007ff904aa8000 	C:\WINDOWS\SYSTEM32\USERENV.dll
0x00007ff904c00000 - 0x00007ff904c0c000 	C:\WINDOWS\SYSTEM32\CRYPTBASE.dll
0x00007ff903f20000 - 0x00007ff903f4d000 	C:\WINDOWS\SYSTEM32\IPHLPAPI.DLL
0x00007ff9071a0000 - 0x00007ff9071a9000 	C:\WINDOWS\System32\NSI.dll
0x00007ff900a50000 - 0x00007ff900a69000 	C:\WINDOWS\SYSTEM32\dhcpcsvc6.DLL
0x00007ff900a30000 - 0x00007ff900a4f000 	C:\WINDOWS\SYSTEM32\dhcpcsvc.DLL
0x00007ff903f90000 - 0x00007ff904088000 	C:\WINDOWS\SYSTEM32\DNSAPI.dll
0x00007ff8de7e0000 - 0x00007ff8de7ee000 	C:\Program Files\Microsoft\jdk-17.0.8.7-hotspot\bin\sunmscapi.dll
0x00007ff905960000 - 0x00007ff905ac7000 	C:\WINDOWS\System32\CRYPT32.dll
0x00007ff904d80000 - 0x00007ff904dae000 	C:\WINDOWS\SYSTEM32\ncrypt.dll
0x00007ff904d40000 - 0x00007ff904d77000 	C:\WINDOWS\SYSTEM32\NTASN1.dll
0x00007ff8f4f80000 - 0x00007ff8f4f88000 	C:\WINDOWS\system32\wshunix.dll
0x00007ff8d1740000 - 0x00007ff8d1757000 	C:\WINDOWS\system32\napinsp.dll
0x00007ff8d0ce0000 - 0x00007ff8d0cfb000 	C:\WINDOWS\system32\pnrpnsp.dll
0x00007ff8ce8d0000 - 0x00007ff8ce8e1000 	C:\WINDOWS\System32\winrnr.dll
0x00007ff8fedc0000 - 0x00007ff8fedd5000 	C:\WINDOWS\system32\wshbth.dll
0x00007ff8ce2b0000 - 0x00007ff8ce2d7000 	C:\WINDOWS\system32\nlansp_c.dll
0x00007ff8fda50000 - 0x00007ff8fda5a000 	C:\Windows\System32\rasadhlp.dll
0x00007ff8fdc10000 - 0x00007ff8fdc93000 	C:\WINDOWS\System32\fwpuclnt.dll

dbghelp: loaded successfully - version: 4.0.5 - missing functions: none
symbol engine: initialized successfully - sym options: 0x614 - pdb path: .;C:\Program Files\Microsoft\jdk-17.0.8.7-hotspot\bin;C:\WINDOWS\SYSTEM32;C:\WINDOWS\WinSxS\amd64_microsoft.windows.common-controls_6595b64144ccf1df_6.0.22621.3672_none_2713b9d173822955;C:\Program Files\Microsoft\jdk-17.0.8.7-hotspot\bin\server;C:\Users\bryan\.gradle\native\c067742578af261105cb4f569cf0c3c89f3d7b1fecec35dd04571415982c5e48\windows-amd64;C:\Users\bryan\.gradle\native\100fb08df4bc3b14c8652ba06237920a3bd2aa13389f12d3474272988ae205f9\windows-amd64

VM Arguments:
jvm_args: -XX:MaxMetaspaceSize=512m --add-opens=java.base/java.util=ALL-UNNAMED --add-opens=java.base/java.lang=ALL-UNNAMED --add-opens=java.base/java.lang.invoke=ALL-UNNAMED --add-opens=java.prefs/java.util.prefs=ALL-UNNAMED --add-opens=java.base/java.nio.charset=ALL-UNNAMED --add-opens=java.base/java.net=ALL-UNNAMED --add-opens=java.base/java.util.concurrent.atomic=ALL-UNNAMED -Xmx2048m -Dfile.encoding=UTF-8 -Duser.country=KR -Duser.language=ko -Duser.variant -javaagent:C:\Users\bryan\.gradle\wrapper\dists\gradle-8.8-all\6gdy1pgp427xkqcjbxw3ylt6h\gradle-8.8\lib\agents\gradle-instrumentation-agent-8.8.jar 
java_command: org.gradle.launcher.daemon.bootstrap.GradleDaemon 8.8
java_class_path (initial): C:\Users\bryan\.gradle\wrapper\dists\gradle-8.8-all\6gdy1pgp427xkqcjbxw3ylt6h\gradle-8.8\lib\gradle-launcher-8.8.jar
Launcher Type: SUN_STANDARD

[Global flags]
     intx CICompilerCount                          = 4                                         {product} {ergonomic}
   size_t CompressedClassSpaceSize                 = 436207616                                 {product} {ergonomic}
     uint ConcGCThreads                            = 2                                         {product} {ergonomic}
     uint G1ConcRefinementThreads                  = 8                                         {product} {ergonomic}
   size_t G1HeapRegionSize                         = 1048576                                   {product} {ergonomic}
    uintx GCDrainStackTargetSize                   = 64                                        {product} {ergonomic}
   size_t InitialHeapSize                          = 266338304                                 {product} {ergonomic}
   size_t MarkStackSize                            = 4194304                                   {product} {ergonomic}
   size_t MaxHeapSize                              = 2147483648                                {product} {command line}
   size_t MaxMetaspaceSize                         = 536870912                                 {product} {command line}
   size_t MaxNewSize                               = 1287651328                                {product} {ergonomic}
   size_t MinHeapDeltaBytes                        = 1048576                                   {product} {ergonomic}
   size_t MinHeapSize                              = 8388608                                   {product} {ergonomic}
    uintx NonNMethodCodeHeapSize                   = 5839372                                {pd product} {ergonomic}
    uintx NonProfiledCodeHeapSize                  = 122909434                              {pd product} {ergonomic}
    uintx ProfiledCodeHeapSize                     = 122909434                              {pd product} {ergonomic}
    uintx ReservedCodeCacheSize                    = 251658240                              {pd product} {ergonomic}
     bool SegmentedCodeCache                       = true                                      {product} {ergonomic}
   size_t SoftMaxHeapSize                          = 2147483648                             {manageable} {ergonomic}
     bool UseCompressedClassPointers               = true                           {product lp64_product} {ergonomic}
     bool UseCompressedOops                        = true                           {product lp64_product} {ergonomic}
     bool UseG1GC                                  = true                                      {product} {ergonomic}
     bool UseLargePagesIndividualAllocation        = false                                  {pd product} {ergonomic}

Logging:
Log output configuration:
 #0: stdout all=warning uptime,level,tags
 #1: stderr all=off uptime,level,tags

Environment Variables:
JAVA_HOME=C:\Program Files\Microsoft\jdk-17.0.8.7-hotspot\
CLASSPATH=C:\dietmate\android\\gradle\wrapper\gradle-wrapper.jar
PATH=C:\dietmate\node_modules\.bin;C:\dietmate\node_modules\.bin;C:\node_modules\.bin;C:\Users\bryan\AppData\Roaming\npm\node_modules\npm\node_modules\@npmcli\run-script\lib\node-gyp-bin;C:\Users\bryan\AppData\Local\Temp\xfs-a879c617;C:\Program Files\Microsoft\jdk-17.0.8.7-hotspot\bin;C:\Program Files\Microsoft\jdk-11.0.20.8-hotspot\bin;C:\Program Files\Eclipse Adoptium\jdk-11.0.16.101-hotspot\bin;C:\windows\system32;C:\windows;C:\windows\System32\Wbem;C:\windows\System32\WindowsPowerShell\v1.0\;C:\windows\System32\OpenSSH\;C:\Program Files\NVIDIA Corporation\NVIDIA NvDLISR;C:\WINDOWS\system32;C:\WINDOWS;C:\WINDOWS\System32\Wbem;C:\WINDOWS\System32\WindowsPowerShell\v1.0\;C:\WINDOWS\System32\OpenSSH\;C:\ProgramData\chocolatey\bin;C:\Program Files\Git\cmd;C:\Program Files\OpenSSL-Win64\bin;C:\ProgramData\chocolatey\lib\watchman\tools\watchman-v2022.09.19.00-windows\bin;;C:\Program Files\dotnet\;C:\Program Files (x86)\NVIDIA Corporation\PhysX\Common;C:\Program Files (x86)\Yarn\bin\;C:\Program Files\nodejs\;C:\Program Files (x86)\Windows Kits\10\Windows Performance Toolkit\;C:\Users\bryan\AppData\Local\Programs\Python\Python311\Scripts\;C:\Users\bryan\AppData\Local\Programs\Python\Python311\;C:\Users\bryan\AppData\Local\Programs\Python\Python312\Scripts\;C:\Users\bryan\AppData\Local\Programs\Python\Python312\;C:\Users\bryan\AppData\Local\Android\Sdk\tools;C:\Users\bryan\AppData\Local\Programs\Python\Python310\Scripts\;C:\Users\bryan\AppData\Local\Programs\Python\Python310\;C:\Users\bryan\AppData\Local\Android\Sdk\platform-tools;C:\Users\bryan\AppData\Local\Microsoft\WindowsApps;C:\Users\bryan\AppData\Local\Programs\Microsoft VS Code\bin;C:\Program Files\OpenSSL-Win64\bin;;C:\Users\bryan\AppData\Local\Yarn\bin;C:\Users\bryan\.dotnet\tools;C:\Users\bryan\AppData\Roaming\npm
USERNAME=bryan
LANG=en_US.UTF-8
OS=Windows_NT
PROCESSOR_IDENTIFIER=Intel64 Family 6 Model 126 Stepping 5, GenuineIntel
TMP=C:\Users\bryan\AppData\Local\Temp
TEMP=C:\Users\bryan\AppData\Local\Temp



---------------  S Y S T E M  ---------------

OS:
 Windows 11 , 64 bit Build 22621 (10.0.22621.3958)
OS uptime: 18 days 13:34 hours

CPU: total 8 (initial active 8) (4 cores per cpu, 2 threads per core) family 6 model 126 stepping 5 microcode 0xa0, cx8, cmov, fxsr, ht, mmx, 3dnowpref, sse, sse2, sse3, ssse3, sse4.1, sse4.2, popcnt, lzcnt, tsc, tscinvbit, avx, avx2, aes, erms, clmul, bmi1, bmi2, adx, avx512f, avx512dq, avx512cd, avx512bw, avx512vl, sha, fma, vzeroupper, avx512_vpopcntdq, avx512_vpclmulqdq, avx512_vaes, avx512_vnni, clflush, clflushopt, avx512_vbmi2, avx512_vbmi
Processor Information for all 8 processors :
  Max Mhz: 1498, Current Mhz: 1298, Mhz Limit: 1288

Memory: 4k page, system-wide physical 16145M (3001M free)
TotalPageFile size 22033M (AvailPageFile size 6702M)
current process WorkingSet (physical memory assigned to process): 465M, peak: 472M
current process commit charge ("private bytes"): 508M, peak: 515M

vm_info: OpenJDK 64-Bit Server VM (17.0.8+7-LTS) for windows-amd64 JRE (17.0.8+7-LTS), built on Jul  7 2023 17:21:55 by "MicrosoftCorporation" with MS VC++ 16.10 / 16.11 (VS2019)

END.
